[0.003094] DATETIME 2017-05-19T18:04:07Z (1495217047)
[0.003302] VERSION 0.6.0-devel (2646e4df86786b0b95a9f62582930c1b8e3f288b)
[0.004063] Opening the device (Suunto Vyper, com5).
[0.004705] INFO: Open: name=com5
[0.022699] INFO: Configure: baudrate=2400, databits=8, parity=1, stopbits=0, flowcontrol=0
[0.023762] INFO: Timeout: value=1000
[0.023953] INFO: DTR: value=1
[0.024738] INFO: Sleep: value=100
[0.130416] INFO: Purge: direction=3
[0.130754] Registering the event handler.
[0.133892] Registering the cancellation handler.
[0.135253] Downloading the memory dump.
[0.136879] Event: progress 0.00% (0/8192)
[0.138345] INFO: Sleep: value=500
[0.653155] INFO: RTS: value=1
[0.654780] INFO: Write: size=5, data=0500002025
[0.657613] INFO: Sleep: value=200
[0.868635] INFO: Purge: direction=1
[0.868953] INFO: RTS: value=0
[1.361001] INFO: Read: size=37, data=050000200E70804701B0B7FD01841E000000000000000000030D0001A11C0000000020A0CE
[1.361298] Event: progress 0.39% (32/8192)
[1.364383] INFO: Sleep: value=500
[1.870773] INFO: RTS: value=1
[1.871744] INFO: Write: size=5, data=0500202005
[1.874242] INFO: Sleep: value=200
[2.087272] INFO: Purge: direction=1
[2.087603] INFO: RTS: value=0
[2.573142] INFO: Read: size=37, data=050020200FC4008B0D0A005A3A2300005375756E746F20446976657200000000000000004B
[2.573460] Event: progress 0.78% (64/8192)
[2.576558] INFO: Sleep: value=500
[3.089416] INFO: RTS: value=1
[3.090110] INFO: Write: size=5, data=0500402065
[3.091459] INFO: Sleep: value=200
[3.305561] INFO: Purge: direction=1
[3.305750] INFO: RTS: value=0
[3.801160] INFO: Read: size=37, data=0500402000000000000000000000000000000000000CA91E000E051FFF1FFF0000000000D5
[3.801391] Event: progress 1.17% (96/8192)
[3.802918] INFO: Sleep: value=500
[4.308002] INFO: RTS: value=1
[4.308930] INFO: Write: size=5, data=0500602045
[4.311461] INFO: Sleep: value=200
[4.529926] INFO: Purge: direction=1
[4.530495] INFO: RTS: value=0
[5.013261] INFO: Read: size=37, data=05006020000101008A02001E41A046230000000000800D0D00000000011E00000000110ED7
[5.013378] Event: progress 1.56% (128/8192)
[5.015355] INFO: Sleep: value=500
[5.532015] INFO: RTS: value=1
[5.532742] INFO: Write: size=5, data=05008020A5
[5.534456] INFO: Sleep: value=200
[5.738196] INFO: Purge: direction=1
[5.738595] INFO: RTS: value=0
[6.241500] INFO: Read: size=37, data=0500802005120A2C0603050204FF00FF0300FEFB0102FFFF00000000000100000100000295
[6.241875] Event: progress 1.95% (160/8192)
[6.245086] INFO: Sleep: value=500
[6.750227] INFO: RTS: value=1
[6.751356] INFO: Write: size=5, data=0500A02085
[6.753946] INFO: Sleep: value=200
[6.966424] INFO: Purge: direction=1
[6.966591] INFO: RTS: value=0
[7.453537] INFO: Read: size=37, data=0500A020010201FFFEFE01FCFCFF020303000100FD00FFFFFEFFFF0000000000FFFF01FF78
[7.453714] Event: progress 2.34% (192/8192)
[7.455999] INFO: Sleep: value=500
[7.958348] INFO: RTS: value=1
[7.959281] INFO: Write: size=5, data=0500C020E5
[7.961746] INFO: Sleep: value=200
[8.169301] INFO: Purge: direction=1
[8.169456] INFO: RTS: value=0
[8.665630] INFO: Read: size=37, data=0500C020FE7D800C0E00000000011E00000000130E05190A370803020401030100FE010137
[8.665822] Event: progress 2.73% (224/8192)
[8.667243] INFO: Sleep: value=500
[9.171723] INFO: RTS: value=1
[9.172630] INFO: Write: size=5, data=0500E020C5
[9.177460] INFO: Sleep: value=200
[9.387724] INFO: Purge: direction=1
[9.388190] INFO: RTS: value=0
[9.877857] INFO: Read: size=37, data=0500E02000FE050300FFFFFA00FF000001FFFF000001FFFF0200FE0300FDFF01FF00FE00C5
[9.878255] Event: progress 3.13% (256/8192)
[9.881348] INFO: Sleep: value=500
[10.389417] INFO: RTS: value=1
[10.390073] INFO: Write: size=5, data=0501002024
[10.391715] INFO: Sleep: value=200
[10.606478] INFO: Purge: direction=1
[10.606731] INFO: RTS: value=0
[11.105929] INFO: Read: size=37, data=050100200000000100FF00020001FEFEFF0201FFFFFF0000FF000000FE0200FF7D800B0FDF
[11.106264] Event: progress 3.52% (288/8192)
[11.108877] INFO: Sleep: value=500
[11.621587] INFO: RTS: value=1
[11.622377] INFO: Write: size=5, data=0501202004
[11.624000] INFO: Sleep: value=200
[11.828033] INFO: Purge: direction=1
[11.828421] INFO: RTS: value=0
[12.333908] INFO: Read: size=37, data=0501202000000000011E00000000170E060C13380D00000100FE0401FEFEFE0001FCFF0028
[12.334161] Event: progress 3.91% (320/8192)
[12.337971] INFO: Sleep: value=500
[12.845725] INFO: RTS: value=1
[12.846439] INFO: Write: size=5, data=0501402064
[12.848181] INFO: Sleep: value=200
[13.050553] INFO: Purge: direction=1
[13.050803] INFO: RTS: value=0
[13.562080] INFO: Read: size=37, data=0501402001000100010500FFFE0200000000007D0201007A7DFE0A0001FDFF0102FFFE00EF
[13.562488] Event: progress 4.30% (352/8192)
[13.567263] INFO: Sleep: value=500
[14.080106] INFO: RTS: value=1
[14.080759] INFO: Write: size=5, data=0501602044
[14.081609] INFO: Sleep: value=200
[14.296356] INFO: Purge: direction=1
[14.296590] INFO: RTS: value=0
[14.790084] INFO: Read: size=37, data=05016020FCFEFA0000FFFFFF010100000000000200FD00FF7D020301FF007D80121300003D
[14.790261] Event: progress 4.69% (384/8192)
[14.791609] INFO: Sleep: value=500
[15.299168] INFO: RTS: value=1
[15.299786] INFO: Write: size=5, data=05018020A4
[15.301254] INFO: Sleep: value=200
[15.515309] INFO: Purge: direction=1
[15.515506] INFO: RTS: value=0
[16.002202] INFO: Read: size=37, data=050180200000011E00000000140E06160A1F080301010000FFFF00FD000200FE7D000001D2
[16.002402] Event: progress 5.08% (416/8192)
[16.003950] INFO: Sleep: value=500
[16.516630] INFO: RTS: value=1
[16.517275] INFO: Write: size=5, data=0501A02084
[16.518340] INFO: Sleep: value=200
[16.732828] INFO: Purge: direction=1
[16.733025] INFO: RTS: value=0
[17.230190] INFO: Read: size=37, data=0501A02001FFFF03010201FF01FF00000000000000FEFDFF7DFD0100FF0100FF01FF7D017B
[17.230432] Event: progress 5.47% (448/8192)
[17.232791] INFO: Sleep: value=500
[17.757472] INFO: RTS: value=1
[17.758288] INFO: Write: size=5, data=0501C020E4
[17.759638] INFO: Sleep: value=200
[17.973769] INFO: Purge: direction=1
[17.974396] INFO: RTS: value=0
[18.474278] INFO: Read: size=37, data=0501C0200100FF7DFE7D017DFF7D80131400000000011E00000000160E070D0A25090303B6
[18.474502] Event: progress 5.86% (480/8192)
[18.476487] INFO: Sleep: value=500
[18.990665] INFO: RTS: value=1
[18.992037] INFO: Write: size=5, data=0501E020C4
[18.994342] INFO: Sleep: value=200
[19.206394] INFO: Purge: direction=1
[19.206788] INFO: RTS: value=0
[19.702558] INFO: Read: size=37, data=0501E0200000FF00FF0100FFFF0100FFFF000100000001010000FEFE0000000000010100C5
[19.702950] Event: progress 6.25% (512/8192)
[19.706049] INFO: Sleep: value=500
[20.208635] INFO: RTS: value=1
[20.209245] INFO: Write: size=5, data=0502002027
[20.210559] INFO: Sleep: value=200
[20.424840] INFO: Purge: direction=1
[20.425142] INFO: RTS: value=0
[20.914548] INFO: Read: size=37, data=0502002000000103FFFE0001FF0000FFFEFE7D80151500000700021E0000001C160E070DCD
[20.914752] Event: progress 6.64% (544/8192)
[20.916190] INFO: Sleep: value=500
[21.426920] INFO: RTS: value=1
[21.427487] INFO: Write: size=5, data=0502202007
[21.429616] INFO: Sleep: value=200
[21.642779] INFO: Purge: direction=1
[21.643083] INFO: RTS: value=0
[22.142735] INFO: Read: size=37, data=050220200B0A0501007DFF0101FE7DFF7D80161600000000011E000000001A0E071216060F
[22.143112] Event: progress 7.03% (576/8192)
[22.146857] INFO: Sleep: value=500
[22.666958] INFO: RTS: value=1
[22.668622] INFO: Write: size=5, data=0502402067
[22.671349] INFO: Sleep: value=200
[22.882859] INFO: Purge: direction=1
[22.883427] INFO: RTS: value=0
[23.370813] INFO: Read: size=37, data=0502402007040401FFFDFF000200FFFD7DFF010100FFFE7D010002FE7D0201000301FFFFE3
[23.371073] Event: progress 7.42% (608/8192)
[23.373045] INFO: Sleep: value=500
[23.884803] INFO: RTS: value=1
[23.885433] INFO: Write: size=5, data=0502602047
[23.886476] INFO: Sleep: value=200
[24.101029] INFO: Purge: direction=1
[24.101147] INFO: RTS: value=0
[24.598823] INFO: Read: size=37, data=05026020FE0000010100FE7DFA02FF010300FE00FF01FF000100FF000103FF0000FFFF00C3
[24.598930] Event: progress 7.81% (640/8192)
[24.600922] INFO: Sleep: value=500
[25.121136] INFO: RTS: value=1
[25.121912] INFO: Write: size=5, data=05028020A7
[25.123743] INFO: Sleep: value=200
[25.338702] INFO: Purge: direction=1
[25.339149] INFO: RTS: value=0
[25.826990] INFO: Read: size=37, data=0502802000000303000200FF00FEFEFF0101FE00000300FFFF01FE01FF02FE0000000200A7
[25.827229] Event: progress 8.20% (672/8192)
[25.828667] INFO: Sleep: value=500
[26.341526] INFO: RTS: value=1
[26.342521] INFO: Write: size=5, data=0502A02087
[26.345053] INFO: Sleep: value=200
[26.557635] INFO: Purge: direction=1
[26.557795] INFO: RTS: value=0
[27.055251] INFO: Read: size=37, data=0502A020FF020000FD000000FE7DFE010201FEFFFF020201FFFEFF7D0202FF020001010079
[27.055476] Event: progress 8.59% (704/8192)
[27.056957] INFO: Sleep: value=500
[27.560166] INFO: RTS: value=1
[27.561220] INFO: Write: size=5, data=0502C020E7
[27.565289] INFO: Sleep: value=200
[27.776290] INFO: Purge: direction=1
[27.776765] INFO: RTS: value=0
[28.267622] INFO: Read: size=37, data=0502C02000FFFEFFFF000101007D80151500000158011E00000003190E07160F1006030547
[28.268054] Event: progress 8.98% (736/8192)
[28.271807] INFO: Sleep: value=500
[28.778409] INFO: RTS: value=1
[28.779603] INFO: Write: size=5, data=0502E020C7
[28.782068] INFO: Sleep: value=200
[28.994510] INFO: Purge: direction=1
[28.995025] INFO: RTS: value=0
[29.495542] INFO: Read: size=37, data=0502E0200202010101000200FD010100FE00000002FF01FF000100FEFF01FF01FF020001C7
[29.495676] Event: progress 9.38% (768/8192)
[29.497094] INFO: Sleep: value=500
[30.011659] INFO: RTS: value=1
[30.012421] INFO: Write: size=5, data=0503002026
[30.013431] INFO: Sleep: value=200
[30.227840] INFO: Purge: direction=1
[30.228020] INFO: RTS: value=0
[30.723874] INFO: Read: size=37, data=050300200000FF01FF000000FCFE0000000103020200FEFEFBFD01020000FC0200000003DF
[30.724519] Event: progress 9.77% (800/8192)
[30.732979] INFO: Sleep: value=500
[31.252287] INFO: RTS: value=1
[31.253301] INFO: Write: size=5, data=0503202006
[31.256292] INFO: Sleep: value=200
[31.467951] INFO: Purge: direction=1
[31.468411] INFO: RTS: value=0
[31.967787] INFO: Read: size=37, data=050320200001FD01FFFFFF0000FF0000000000FF000100FFFF00FF00000000FF7D007DFFFA
[31.967995] Event: progress 10.16% (832/8192)
[31.970767] INFO: Sleep: value=500
[32.485442] INFO: RTS: value=1
[32.486276] INFO: Write: size=5, data=0503402066
[32.487340] INFO: Sleep: value=200
[32.701105] INFO: Purge: direction=1
[32.701587] INFO: RTS: value=0
[33.196134] INFO: Read: size=37, data=05034020007DFF7D0100007D80151700000000011E00000000170E0806152C0A020200FFA3
[33.196612] Event: progress 10.55% (864/8192)
[33.199887] INFO: Sleep: value=500
[33.717976] INFO: RTS: value=1
[33.719510] INFO: Write: size=5, data=0503602046
[33.723458] INFO: Sleep: value=200
[33.933648] INFO: Purge: direction=1
[33.933964] INFO: RTS: value=0
[34.424416] INFO: Read: size=37, data=05036020FF0101FF00FFFFFFFF0000FE010000000101FF007DFB7D027D0002000201FF013D
[34.424762] Event: progress 10.94% (896/8192)
[34.427980] INFO: Sleep: value=500
[34.938405] INFO: RTS: value=1
[34.939297] INFO: Write: size=5, data=05038020A6
[34.942262] INFO: Sleep: value=200
[35.162150] INFO: Purge: direction=1
[35.162564] INFO: RTS: value=0
[35.652430] INFO: Read: size=37, data=05038020FFFFFF7DFD7D0003007D80171800000E17011E00000007180E0807151C0A04014B
[35.652813] Event: progress 11.33% (928/8192)
[35.656064] INFO: Sleep: value=500
[36.164492] INFO: RTS: value=1
[36.165086] INFO: Write: size=5, data=0503A02086
[36.166239] INFO: Sleep: value=200
[36.379972] INFO: Purge: direction=1
[36.380707] INFO: RTS: value=0
[36.880646] INFO: Read: size=37, data=0503A02000000101FF000100FF0100FE000000000000FE00FF020001010100FFFF0001007B
[36.881301] Event: progress 11.72% (960/8192)
[36.886716] INFO: Sleep: value=500
[37.396966] INFO: RTS: value=1
[37.397981] INFO: Write: size=5, data=0503C020E6
[37.400351] INFO: Sleep: value=200
[37.612628] INFO: Purge: direction=1
[37.612869] INFO: RTS: value=0
[38.108495] INFO: Read: size=37, data=0503C020FF000000000000FF0001010001FFFEFEFEFFFF000000FF000000FF0100FF017D64
[38.108856] Event: progress 12.11% (992/8192)
[38.111862] INFO: Sleep: value=500
[38.614655] INFO: RTS: value=1
[38.615646] INFO: Write: size=5, data=0503E020C6
[38.617953] INFO: Sleep: value=200
[38.830881] INFO: Purge: direction=1
[38.831320] INFO: RTS: value=0
[39.320569] INFO: Read: size=37, data=0503E02000FF0102FE0000FF007D0101000000000100FFFF00FF02000001FF00007DFD02C6
[39.320871] Event: progress 12.50% (1024/8192)
[39.323979] INFO: Sleep: value=500
[39.831755] INFO: RTS: value=1
[39.832827] INFO: Write: size=5, data=0504002021
[39.834929] INFO: Sleep: value=200
[40.047281] INFO: Purge: direction=1
[40.047633] INFO: RTS: value=0
[40.548703] INFO: Read: size=37, data=05040020007DFD03FF7D017DFE7D0003FF01FF7DFE0003FFFF000000007DFF7D8012170027
[40.549089] Event: progress 12.89% (1056/8192)
[40.552190] INFO: Sleep: value=500
[41.071060] INFO: RTS: value=1
[41.071850] INFO: Write: size=5, data=0504202001
[41.073462] INFO: Sleep: value=200
[41.287205] INFO: Purge: direction=1
[41.287395] INFO: RTS: value=0
[41.776679] INFO: Read: size=37, data=05042020000000011E00000000130E08180B240606050201FE0300FF0100FDFF00FF0100C5
[41.776835] Event: progress 13.28% (1088/8192)
[41.778825] INFO: Sleep: value=500
[42.289074] INFO: RTS: value=1
[42.289716] INFO: Write: size=5, data=0504402061
[42.290925] INFO: Sleep: value=200
[42.505257] INFO: Purge: direction=1
[42.505427] INFO: RTS: value=0
[43.004961] INFO: Read: size=37, data=05044020000200FF02000001FFFDFE0100FFFF0102000000FF00000301FEFEFD0200FEFF62
[43.005348] Event: progress 13.67% (1120/8192)
[43.008579] INFO: Sleep: value=500
[43.522496] INFO: RTS: value=1
[43.523940] INFO: Write: size=5, data=0504602041
[43.526360] INFO: Sleep: value=200
[43.728820] INFO: Purge: direction=1
[43.729313] INFO: RTS: value=0
[44.233121] INFO: Read: size=37, data=0504602000FEFF020100FF0300FFFF02010101FE0000FE00010001FFFF00FEFFFE01FF7DC0
[44.233403] Event: progress 14.06% (1152/8192)
[44.236850] INFO: Sleep: value=500
[44.739565] INFO: RTS: value=1
[44.740603] INFO: Write: size=5, data=05048020A1
[44.746620] INFO: Sleep: value=200
[44.955647] INFO: Purge: direction=1
[44.955987] INFO: RTS: value=0
[45.445237] INFO: Read: size=37, data=0504802080121200000000011E00000000130E081D14160602020302020100FF01FE01FFCE
[45.445496] Event: progress 14.45% (1184/8192)
[45.447543] INFO: Sleep: value=500
[45.958147] INFO: RTS: value=1
[45.958770] INFO: Write: size=5, data=0504A02081
[45.960275] INFO: Sleep: value=200
[46.180168] INFO: Purge: direction=1
[46.180669] INFO: RTS: value=0
[46.673404] INFO: Read: size=37, data=0504A020FEFE01010100FE010100FDFEFF00FF0300FF007DFD010000FFFF0200FF000000FD
[46.673653] Event: progress 14.84% (1216/8192)
[46.675140] INFO: Sleep: value=500
[47.181862] INFO: RTS: value=1
[47.183149] INFO: Write: size=5, data=0504C020E1
[47.186306] INFO: Sleep: value=200
[47.397599] INFO: Purge: direction=1
[47.398322] INFO: RTS: value=0
[47.885529] INFO: Read: size=37, data=0504C020FF010100007DFD0100FF7DFF7D007D01007D00FF7D0102010100FF00FD7D8012F2
[47.885724] Event: progress 15.23% (1248/8192)
[47.888179] INFO: Sleep: value=500
[48.399923] INFO: RTS: value=1
[48.400509] INFO: Write: size=5, data=0504E020C1
[48.401451] INFO: Sleep: value=200
[48.615784] INFO: Purge: direction=1
[48.616123] INFO: RTS: value=0
[49.113691] INFO: Read: size=37, data=0504E0201200000000011E00000000130E09060B17050101010001000001000000FF03043E
[49.113927] Event: progress 15.63% (1280/8192)
[49.115468] INFO: Sleep: value=500
[49.618738] INFO: RTS: value=1
[49.619909] INFO: Write: size=5, data=0505002020
[49.623137] INFO: Sleep: value=200
[49.835093] INFO: Purge: direction=1
[49.835558] INFO: RTS: value=0
[50.326072] INFO: Read: size=37, data=0505002003010203010000FF00000000FF0301010000000000000100FEFFFF00FF00010020
[50.326608] Event: progress 16.02% (1312/8192)
[50.329868] INFO: Sleep: value=500
[50.837486] INFO: RTS: value=1
[50.838618] INFO: Write: size=5, data=0505202000
[50.841808] INFO: Sleep: value=200
[51.053666] INFO: Purge: direction=1
[51.053964] INFO: RTS: value=0
[51.554013] INFO: Read: size=37, data=050520200000FFFEFE0000FFFEFEFEFEFDFE02000001FF00FF7D80121200000204021E00E7
[51.554156] Event: progress 16.41% (1344/8192)
[51.556039] INFO: Sleep: value=500
[52.071668] INFO: RTS: value=1
[52.072441] INFO: Write: size=5, data=0505402060
[52.074922] INFO: Sleep: value=200
[52.294336] INFO: Purge: direction=1
[52.294515] INFO: RTS: value=0
[52.782326] INFO: Read: size=37, data=05054020000002140E090610001501FF01FF03000101000100000000FF01FF010001FF008E
[52.782606] Event: progress 16.80% (1376/8192)
[52.784634] INFO: Sleep: value=500
[53.295470] INFO: RTS: value=1
[53.296286] INFO: Write: size=5, data=0505602040
[53.298884] INFO: Sleep: value=200
[53.511534] INFO: Purge: direction=1
[53.511696] INFO: RTS: value=0
[54.010622] INFO: Read: size=37, data=0505602000000000FF00FF00FF000000FEFFFE0001FF00FF01FF00010002010101FEFE00BD
[54.011082] Event: progress 17.19% (1408/8192)
[54.016287] INFO: Sleep: value=500
[54.527488] INFO: RTS: value=1
[54.528728] INFO: Write: size=5, data=05058020A0
[54.531284] INFO: Sleep: value=200
[54.736070] INFO: Purge: direction=1
[54.736475] INFO: RTS: value=0
[55.238589] INFO: Read: size=37, data=0505802000000000010200FF00FEFFFDFDFE01FF0001FF7D80121200003A13011E00000068
[55.238973] Event: progress 17.58% (1440/8192)
[55.242076] INFO: Sleep: value=500
[55.743927] INFO: RTS: value=1
[55.745171] INFO: Write: size=5, data=0505A02080
[55.747769] INFO: Sleep: value=200
[55.959452] INFO: Purge: direction=1
[55.959945] INFO: RTS: value=0
[56.450767] INFO: Read: size=37, data=0505A02009130E09070C240800010503040401040400FEFFFFFE01000101FEFF00FEFEFE42
[56.451177] Event: progress 17.97% (1472/8192)
[56.454326] INFO: Sleep: value=500
[56.960061] INFO: RTS: value=1
[56.960850] INFO: Write: size=5, data=0505C020E0
[56.962410] INFO: Sleep: value=200
[57.176167] INFO: Purge: direction=1
[57.180946] INFO: RTS: value=0
[57.662899] INFO: Read: size=37, data=0505C020000001FF0000010000FFFFFEFF0100FFFDFFFFFF00FF000000FFFF01000000001C
[57.663280] Event: progress 18.36% (1504/8192)
[57.666848] INFO: Sleep: value=500
[58.177872] INFO: RTS: value=1
[58.178943] INFO: Write: size=5, data=0505E020C0
[58.181613] INFO: Sleep: value=200
[58.400604] INFO: Purge: direction=1
[58.400909] INFO: RTS: value=0
[58.890994] INFO: Read: size=37, data=0505E020FF00FF0000FF7D80121200000000011E00000000110E0A050B10070603030100D6
[58.891248] Event: progress 18.75% (1536/8192)
[58.894273] INFO: Sleep: value=500
[59.408669] INFO: RTS: value=1
[59.409700] INFO: Write: size=5, data=0506002023
[59.412643] INFO: Sleep: value=200
[59.621764] INFO: Purge: direction=1
[59.622255] INFO: RTS: value=0
[60.119251] INFO: Read: size=37, data=0506002001FFFF007A007A7D80101000000700021E0000001C110E0A050B1E0704050401DE
[60.119580] Event: progress 19.14% (1568/8192)
[60.122878] INFO: Sleep: value=500
[60.640649] INFO: RTS: value=1
[60.641557] INFO: Write: size=5, data=0506202003
[60.644084] INFO: Sleep: value=200
[60.846007] INFO: Purge: direction=1
[60.846588] INFO: RTS: value=0
[61.347394] INFO: Read: size=37, data=050620200001FF000100FF7A7D800E0D00001400031E00000022110E0A050B390903030087
[61.347684] Event: progress 19.53% (1600/8192)
[61.350879] INFO: Sleep: value=500
[61.864970] INFO: RTS: value=1
[61.865999] INFO: Write: size=5, data=0506402063
[61.868553] INFO: Sleep: value=200
[62.080207] INFO: Purge: direction=1
[62.080739] INFO: RTS: value=0
[62.576420] INFO: Read: size=37, data=05064020FE000000010001FF000000007D80111100000000011E000000000F0F050A0A37B2
[62.576743] Event: progress 19.92% (1632/8192)
[62.579939] INFO: Sleep: value=500
[63.089539] INFO: RTS: value=1
[63.090728] INFO: Write: size=5, data=0506602043
[63.094751] INFO: Sleep: value=200
[63.305192] INFO: Purge: direction=1
[63.305383] INFO: RTS: value=0
[63.803985] INFO: Read: size=37, data=050660200A05000100010100000001FF01FF00FF010102FE0100000101FF00FFFFFE060048
[63.804344] Event: progress 20.31% (1664/8192)
[63.810420] INFO: Sleep: value=500
[64.328649] INFO: RTS: value=1
[64.329791] INFO: Write: size=5, data=05068020A3
[64.333514] INFO: Sleep: value=200
[64.544754] INFO: Purge: direction=1
[64.545071] INFO: RTS: value=0
[65.032105] INFO: Read: size=37, data=05068020FF00010000000000FF0001FF0102FF00FFFEFFFFFCFF0000FE000000010202005D
[65.032439] Event: progress 20.70% (1696/8192)
[65.035538] INFO: Sleep: value=500
[65.547961] INFO: RTS: value=1
[65.549264] INFO: Write: size=5, data=0506A02083
[65.551807] INFO: Sleep: value=200
[65.763621] INFO: Purge: direction=1
[65.763947] INFO: RTS: value=0
[66.261207] INFO: Read: size=37, data=0506A0200100000000FF00000000000101000000FF010000FEFFFFFEFFFD7D800B0D00007A
[66.261561] Event: progress 21.09% (1728/8192)
[66.264725] INFO: Sleep: value=500
[66.774356] INFO: RTS: value=1
[66.775398] INFO: Write: size=5, data=0506C020E3
[66.778083] INFO: Sleep: value=200
[66.981162] INFO: Purge: direction=1
[66.981581] INFO: RTS: value=0
[67.488595] INFO: Read: size=37, data=0506C0200000011E00000000160F070C0E3B080204020300FDFF0002FEFFFFFF00000100D4
[67.488900] Event: progress 21.48% (1760/8192)
[67.492448] INFO: Sleep: value=500
[67.997715] INFO: RTS: value=1
[67.998713] INFO: Write: size=5, data=0506E020C3
[68.001408] INFO: Sleep: value=200
[68.213415] INFO: Purge: direction=1
[68.214119] INFO: RTS: value=0
[68.700825] INFO: Read: size=37, data=0506E020FF010000010100FFFF00010000FFFD0001FF01020000000000FF00FFFFFFFF003C
[68.701136] Event: progress 21.88% (1792/8192)
[68.704315] INFO: Sleep: value=500
[69.210798] INFO: RTS: value=1
[69.211597] INFO: Write: size=5, data=0507002022
[69.214093] INFO: Sleep: value=200
[69.435960] INFO: Purge: direction=1
[69.436453] INFO: RTS: value=0
[69.913015] INFO: Read: size=37, data=0507002001000000FE007DFD040100000100FEFE7DFF017DFF7DFF0201020000FF00010124
[69.913204] Event: progress 22.27% (1824/8192)
[69.915051] INFO: Sleep: value=500
[70.437914] INFO: RTS: value=1
[70.439809] INFO: Write: size=5, data=0507202002
[70.442721] INFO: Sleep: value=200
[70.653245] INFO: Purge: direction=1
[70.653639] INFO: RTS: value=0
[71.144325] INFO: Read: size=37, data=0507202000000000010001FF010000FE000000FFFF007DFD010000FF010100010100FE0183
[71.144698] Event: progress 22.66% (1856/8192)
[71.147835] INFO: Sleep: value=500
[71.654913] INFO: RTS: value=1
[71.655776] INFO: Write: size=5, data=0507402062
[71.658430] INFO: Sleep: value=200
[71.871203] INFO: Purge: direction=1
[71.871492] INFO: RTS: value=0
[72.369988] INFO: Read: size=37, data=0507402000000003FF000000FF00FF0000FF02FF000201FF000002000000FF00FFFFFF0163
[72.370318] Event: progress 23.05% (1888/8192)
[72.377255] INFO: Sleep: value=500
[72.880810] INFO: RTS: value=1
[72.881763] INFO: Write: size=5, data=0507602042
[72.885263] INFO: Sleep: value=200
[73.087744] INFO: Purge: direction=1
[73.088288] INFO: RTS: value=0
[73.597790] INFO: Read: size=37, data=05076020FFFF000000000101FF0101FEFF00FF01000201FE0000FE7DFE7D01020001FF0341
[73.598132] Event: progress 23.44% (1920/8192)
[73.601431] INFO: Sleep: value=500
[74.105795] INFO: RTS: value=1
[74.108087] INFO: Write: size=5, data=05078020A2
[74.109905] INFO: Sleep: value=200
[74.320763] INFO: Purge: direction=1
[74.321254] INFO: RTS: value=0
[74.810228] INFO: Read: size=37, data=05078020FF7D80151500000000011E00000000140F071D0B280D050401FF0102000000006C
[74.810652] Event: progress 23.83% (1952/8192)
[74.814244] INFO: Sleep: value=500
[75.322630] INFO: RTS: value=1
[75.324866] INFO: Write: size=5, data=0507A02082
[75.326128] INFO: Sleep: value=200
[75.545239] INFO: Purge: direction=1
[75.545810] INFO: RTS: value=0
[76.038293] INFO: Read: size=37, data=0507A020FF01000001FF00FF0001FF02FFFF0000FF00010001000100FF0100FEFF01FFFF81
[76.038646] Event: progress 24.22% (1984/8192)
[76.042913] INFO: Sleep: value=500
[76.546247] INFO: RTS: value=1
[76.547456] INFO: Write: size=5, data=0507C020E2
[76.550003] INFO: Sleep: value=200
[76.763376] INFO: Purge: direction=1
[76.763711] INFO: RTS: value=0
[77.250638] INFO: Read: size=37, data=0507C020FCFBFF01FFFFFFFF01FF0502FDFE7DFA7D0200007DFD7D017DFF7D01007D8012F4
[77.250943] Event: progress 24.61% (2016/8192)
[77.254106] INFO: Sleep: value=500
[77.763806] INFO: RTS: value=1
[77.768607] INFO: Write: size=5, data=0507E020C2
[77.768956] INFO: Sleep: value=200
[77.979613] INFO: Purge: direction=1
[77.980066] INFO: RTS: value=0
[78.480033] INFO: Read: size=37, data=0507E0201200003504021E00000003130F071D110C0B070000FEFFFFFF0000000000FF0017
[78.480573] Event: progress 25.00% (2048/8192)
[78.484187] INFO: Sleep: value=500
[78.996409] INFO: RTS: value=1
[78.997434] INFO: Write: size=5, data=050800202D
[79.000903] INFO: Sleep: value=200
[79.212122] INFO: Purge: direction=1
[79.212515] INFO: RTS: value=0
[79.707131] INFO: Read: size=37, data=05080020010000FFFF00FFFF0000FF00FF000100FF01010000010001FE00FE0000000000D2
[79.707555] Event: progress 25.39% (2080/8192)
[79.710803] INFO: Sleep: value=500
[80.213348] INFO: RTS: value=1
[80.215272] INFO: Write: size=5, data=050820200D
[80.216711] INFO: Sleep: value=200
[80.431268] INFO: Purge: direction=1
[80.431673] INFO: RTS: value=0
[80.919345] INFO: Read: size=37, data=05082020FF7DFE7D01007D00010200FF01000101000100FE010101FF010000FF00FFFF0072
[80.919642] Event: progress 25.78% (2112/8192)
[80.922983] INFO: Sleep: value=500
[81.430869] INFO: RTS: value=1
[81.431941] INFO: Write: size=5, data=050840206D
[81.434626] INFO: Sleep: value=200
[81.654396] INFO: Purge: direction=1
[81.654784] INFO: RTS: value=0
[82.147668] INFO: Read: size=37, data=0508402000FF007DFD7DFF7D007D80131200000000011E00000000120F09040C1107010104
[82.148083] Event: progress 26.17% (2144/8192)
[82.151452] INFO: Sleep: value=500
[82.654260] INFO: RTS: value=1
[82.655163] INFO: Write: size=5, data=050860204D
[82.657916] INFO: Sleep: value=200
[82.869756] INFO: Purge: direction=1
[82.870148] INFO: RTS: value=0
[83.360138] INFO: Read: size=37, data=05086020000101FF0000FF00000001FF0000010000000000FF000000000100FF01000002B0
[83.360596] Event: progress 26.56% (2176/8192)
[83.363592] INFO: Sleep: value=500
[83.870823] INFO: RTS: value=1
[83.872045] INFO: Write: size=5, data=05088020AD
[83.878204] INFO: Sleep: value=200
[84.086670] INFO: Purge: direction=1
[84.087085] INFO: RTS: value=0
[84.588163] INFO: Read: size=37, data=05088020020304040303020101FF00FF00FF00FFFF00FFFFFEFE01FF00FE000000FFFDFFAC
[84.588684] Event: progress 26.95% (2208/8192)
[84.592184] INFO: Sleep: value=500
[85.103376] INFO: RTS: value=1
[85.104697] INFO: Write: size=5, data=0508A0208D
[85.105975] INFO: Sleep: value=200
[85.319521] INFO: Purge: direction=1
[85.319886] INFO: RTS: value=0
[85.816405] INFO: Read: size=37, data=0508A020FE7A7D80121200001008021E00000004100F0904150806000100010100010000FD
[85.816680] Event: progress 27.34% (2240/8192)
[85.819895] INFO: Sleep: value=500
[86.335909] INFO: RTS: value=1
[86.336850] INFO: Write: size=5, data=0508C020ED
[86.339468] INFO: Sleep: value=200
[86.558094] INFO: Purge: direction=1
[86.558884] INFO: RTS: value=0
[87.044665] INFO: Read: size=37, data=0508C0200000000001020002FE0000000000FD02FF00000100000100FF01000000FF010012
[87.044969] Event: progress 27.73% (2272/8192)
[87.048071] INFO: Sleep: value=500
[87.557790] INFO: RTS: value=1
[87.558543] INFO: Write: size=5, data=0508E020CD
[87.560604] INFO: Sleep: value=200
[87.774038] INFO: Purge: direction=1
[87.774460] INFO: RTS: value=0
[88.273085] INFO: Read: size=37, data=0508E0200000FFFEFF00FF0000000302000100FFFDFF00FF7DFD02FFFF7D80121200003A8B
[88.273603] Event: progress 28.13% (2304/8192)
[88.281856] INFO: Sleep: value=500
[88.799697] INFO: RTS: value=1
[88.800630] INFO: Write: size=5, data=050900202C
[88.803344] INFO: Sleep: value=200
[89.006692] INFO: Purge: direction=1
[89.006977] INFO: RTS: value=0
[89.517164] INFO: Read: size=37, data=050900200D011E0000000A110F09050B28080603030302010200010101FE00FE0000FF03F4
[89.517495] Event: progress 28.52% (2336/8192)
[89.520742] INFO: Sleep: value=500
[90.028512] INFO: RTS: value=1
[90.029456] INFO: Write: size=5, data=050920200C
[90.032050] INFO: Sleep: value=200
[90.244344] INFO: Purge: direction=1
[90.244899] INFO: RTS: value=0
[90.745685] INFO: Read: size=37, data=05092020FFFE0100FE00FF0000FF000000FF000000FE000000FF00010101FF00FEFCFF000F
[90.746103] Event: progress 28.91% (2368/8192)
[90.749347] INFO: Sleep: value=500
[91.270649] INFO: RTS: value=1
[91.271765] INFO: Write: size=5, data=050940206C
[91.274944] INFO: Sleep: value=200
[91.483420] INFO: Purge: direction=1
[91.483716] INFO: RTS: value=0
[91.973809] INFO: Read: size=37, data=050940200000FF00FF000000010000000000FF0100000000000000000000000100FEFEFF6D
[91.974168] Event: progress 29.30% (2400/8192)
[91.977262] INFO: Sleep: value=500
[92.483957] INFO: RTS: value=1
[92.485779] INFO: Write: size=5, data=050960204C
[92.487593] INFO: Sleep: value=200
[92.699415] INFO: Purge: direction=1
[92.699823] INFO: RTS: value=0
[93.202410] INFO: Read: size=37, data=0509602000FF0100007DFC7DFF7D017D007D80111200001A03021E0000000C120F09050F59
[93.202782] Event: progress 29.69% (2432/8192)
[93.208552] INFO: Sleep: value=500
[93.715893] INFO: RTS: value=1
[93.717089] INFO: Write: size=5, data=05098020AC
[93.719732] INFO: Sleep: value=200
[93.931589] INFO: Purge: direction=1
[93.932152] INFO: RTS: value=0
[94.430391] INFO: Read: size=37, data=05098020380701000000000200000302FF00FFFF00FFFFFE01FF0000010000FF000100FE6F
[94.430881] Event: progress 30.08% (2464/8192)
[94.434880] INFO: Sleep: value=500
[94.948203] INFO: RTS: value=1
[94.949509] INFO: Write: size=5, data=0509A0208C
[94.951832] INFO: Sleep: value=200
[95.170253] INFO: Purge: direction=1
[95.170758] INFO: RTS: value=0
[95.659695] INFO: Read: size=37, data=0509A020FF0000000001000201010000FE7DFD0202020201000100000100FF00FFFFFFFEF1
[95.660069] Event: progress 30.47% (2496/8192)
[95.663140] INFO: Sleep: value=500
[96.171744] INFO: RTS: value=1
[96.172944] INFO: Write: size=5, data=0509C020EC
[96.175800] INFO: Sleep: value=200
[96.387606] INFO: Purge: direction=1
[96.388073] INFO: RTS: value=0
[96.886695] INFO: Read: size=37, data=0509C020FE00007D80121200001113011E0000000D110F09060B2E057D000000007D0000CE
[96.886930] Event: progress 30.86% (2528/8192)
[96.889439] INFO: Sleep: value=500
[97.393551] INFO: RTS: value=1
[97.394549] INFO: Write: size=5, data=0509E020CC
[97.397206] INFO: Sleep: value=200
[97.608667] INFO: Purge: direction=1
[97.608968] INFO: RTS: value=0
[98.099128] INFO: Read: size=37, data=0509E020000100FF0000000001FF0101000001010101000101FF010200000000FF000001CE
[98.099484] Event: progress 31.25% (2560/8192)
[98.102770] INFO: Sleep: value=500
[98.613630] INFO: RTS: value=1
[98.615254] INFO: Write: size=5, data=050A00202F
[98.617007] INFO: Sleep: value=200
[98.830272] INFO: Purge: direction=1
[98.830925] INFO: RTS: value=0
[99.327318] INFO: Read: size=37, data=050A0020010100000001FEFFFFFFFF00FF000101000001FF00000000000000FF00FF0000D1
[99.327614] Event: progress 31.64% (2592/8192)
[99.332775] INFO: Sleep: value=500
[99.849907] INFO: RTS: value=1
[99.850722] INFO: Write: size=5, data=050A20200F
[99.852317] INFO: Sleep: value=200
[100.065875] INFO: Purge: direction=1
[100.066220] INFO: RTS: value=0
[100.556311] INFO: Read: size=37, data=050A20200000FF00FF000200000000FFFFFEFF7D80111100000000011E00000000161006EE
[100.556743] Event: progress 32.03% (2624/8192)
[100.559954] INFO: Sleep: value=500
[101.068289] INFO: RTS: value=1
[101.070106] INFO: Write: size=5, data=050A40206F
[101.073229] INFO: Sleep: value=200
[101.290320] INFO: Purge: direction=1
[101.290620] INFO: RTS: value=0
[101.783817] INFO: Read: size=37, data=050A4020190A380600010503FFFCFE7DFD017DFE7D007D017D0001000100000000FF010038
[101.784159] Event: progress 32.42% (2656/8192)
[101.787395] INFO: Sleep: value=500
[102.293095] INFO: RTS: value=1
[102.296891] INFO: Write: size=5, data=050A60204F
[102.297217] INFO: Sleep: value=200
[102.510152] INFO: Purge: direction=1
[102.510456] INFO: RTS: value=0
[103.012041] INFO: Read: size=37, data=050A6020FF00010000007DFE7D00017DFF01FF007D80151500000000011E000000001810D8
[103.012348] Event: progress 32.81% (2688/8192)
[103.015502] INFO: Sleep: value=500
[103.529268] INFO: RTS: value=1
[103.532078] INFO: Write: size=5, data=050A8020AF
[103.535018] INFO: Sleep: value=200
[103.740657] INFO: Purge: direction=1
[103.740923] INFO: RTS: value=0
[104.241275] INFO: Read: size=37, data=050A802009080B17060101030002030302010001FF010001000000FFFEFE000001000100B7
[104.241629] Event: progress 33.20% (2720/8192)
[104.245139] INFO: Sleep: value=500
[104.753333] INFO: RTS: value=1
[104.754201] INFO: Write: size=5, data=050AA0208F
[104.761832] INFO: Sleep: value=200
[104.973141] INFO: Purge: direction=1
[104.973524] INFO: RTS: value=0
[105.469023] INFO: Read: size=37, data=050AA0200000FEFF02000101000100020000FF000100000000010000000000010000000071
[105.469398] Event: progress 33.59% (2752/8192)
[105.472581] INFO: Sleep: value=500
[105.981158] INFO: RTS: value=1
[105.982822] INFO: Write: size=5, data=050AC020EF
[105.985078] INFO: Sleep: value=200
[106.196284] INFO: Purge: direction=1
[106.196594] INFO: RTS: value=0
[106.697909] INFO: Read: size=37, data=050AC02001FEFEFCFEFF0100000000000000000000000000000000FF00000000000000FF12
[106.698291] Event: progress 33.98% (2784/8192)
[106.702329] INFO: Sleep: value=500
[107.223858] INFO: RTS: value=1
[107.225045] INFO: Write: size=5, data=050AE020CF
[107.228023] INFO: Sleep: value=200
[107.439849] INFO: Purge: direction=1
[107.440167] INFO: RTS: value=0
[107.941102] INFO: Read: size=37, data=050AE020FF010101010001FF00000000FF01FF00FEFFFC7D80141400003008021E000000EB
[107.941564] Event: progress 34.38% (2816/8192)
[107.945997] INFO: Sleep: value=500
[108.459820] INFO: RTS: value=1
[108.460819] INFO: Write: size=5, data=050B00202E
[108.465712] INFO: Sleep: value=200
[108.675284] INFO: Purge: direction=1
[108.675787] INFO: RTS: value=0
[109.169396] INFO: Read: size=37, data=050B0020041410090815071103FF020001000100FFFFFFFF00000100FF000000000000002C
[109.169867] Event: progress 34.77% (2848/8192)
[109.173072] INFO: Sleep: value=500
[109.680123] INFO: RTS: value=1
[109.681389] INFO: Write: size=5, data=050B20200E
[109.687756] INFO: Sleep: value=200
[109.896442] INFO: Purge: direction=1
[109.896785] INFO: RTS: value=0
[110.397797] INFO: Read: size=37, data=050B2020FF0001FF0000010001000101000000000000FF00FFFF01000000010100FE00010E
[110.398221] Event: progress 35.16% (2880/8192)
[110.401455] INFO: Sleep: value=500
[110.914619] INFO: RTS: value=1
[110.915729] INFO: Write: size=5, data=050B40206E
[110.920706] INFO: Sleep: value=200
[111.138024] INFO: Purge: direction=1
[111.138459] INFO: RTS: value=0
[111.625824] INFO: Read: size=37, data=050B40200001000000010101010101FF000100FF010000000000FF0000000000010000FF6E
[111.626153] Event: progress 35.55% (2912/8192)
[111.629482] INFO: Sleep: value=500
[112.139984] INFO: RTS: value=1
[112.141175] INFO: Write: size=5, data=050B60204E
[112.143804] INFO: Sleep: value=200
[112.357059] INFO: Purge: direction=1
[112.357399] INFO: RTS: value=0
[112.854375] INFO: Read: size=37, data=050B60200000FFFF00FEFF000000FEF97D8013140000160E011E0000000A151009090C14A2
[112.854795] Event: progress 35.94% (2944/8192)
[112.857818] INFO: Sleep: value=500
[113.363505] INFO: RTS: value=1
[113.364635] INFO: Write: size=5, data=050B8020AE
[113.367383] INFO: Sleep: value=200
[113.579715] INFO: Purge: direction=1
[113.580038] INFO: RTS: value=0
[114.066290] INFO: Read: size=37, data=050B802007000100FF01010001FF0100FFFF00FF00FF0000000002000200000000010202A9
[114.066613] Event: progress 36.33% (2976/8192)
[114.069541] INFO: Sleep: value=500
[114.583655] INFO: RTS: value=1
[114.584739] INFO: Write: size=5, data=050BA0208E
[114.588026] INFO: Sleep: value=200
[114.799041] INFO: Purge: direction=1
[114.799500] INFO: RTS: value=0
[115.294931] INFO: Read: size=37, data=050BA0200402020100FFFFFF00000100000001FF000000000100FF00FF00FFFE000202018A
[115.295288] Event: progress 36.72% (3008/8192)
[115.298459] INFO: Sleep: value=500
[115.815143] INFO: RTS: value=1
[115.816355] INFO: Write: size=5, data=050BC020EE
[115.821264] INFO: Sleep: value=200
[116.031008] INFO: Purge: direction=1
[116.031323] INFO: RTS: value=0
[116.522832] INFO: Read: size=37, data=050BC02000000000FCFEFF00FFFE010001000101000000FF00FFFF010100FF010100010013
[116.523190] Event: progress 37.11% (3040/8192)
[116.526240] INFO: Sleep: value=500
[117.031555] INFO: RTS: value=1
[117.033470] INFO: Write: size=5, data=050BE020CE
[117.035581] INFO: Sleep: value=200
[117.253650] INFO: Purge: direction=1
[117.254309] INFO: RTS: value=0
[117.735191] INFO: Read: size=37, data=050BE02000FF01000100FFFDFEFEFF00FF000000000000010000000000FF7D801414000030
[117.735761] Event: progress 37.50% (3072/8192)
[117.739525] INFO: Sleep: value=500
[118.254276] INFO: RTS: value=1
[118.257843] INFO: Write: size=5, data=050C002029
[118.258651] INFO: Sleep: value=200
[118.469808] INFO: Purge: direction=1
[118.470289] INFO: RTS: value=0
[118.963469] INFO: Read: size=37, data=050C0020261A011E0000000D1610090A100014020000FFFFFFFF010000FFFF010100FFFF05
[118.963859] Event: progress 37.89% (3104/8192)
[118.967212] INFO: Sleep: value=500
[119.471719] INFO: RTS: value=1
[119.473302] INFO: Write: size=5, data=050C202009
[119.475446] INFO: Sleep: value=200
[119.687675] INFO: Purge: direction=1
[119.688165] INFO: RTS: value=0
[120.175717] INFO: Read: size=37, data=050C2020FEFE010100FEFE000000FE02000101010100FEFE00000001010000FFFBFF01010E
[120.176090] Event: progress 38.28% (3136/8192)
[120.178913] INFO: Sleep: value=500
[120.688472] INFO: RTS: value=1
[120.689923] INFO: Write: size=5, data=050C402069
[120.692177] INFO: Sleep: value=200
[120.904217] INFO: Purge: direction=1
[120.904566] INFO: RTS: value=0
[121.404178] INFO: Read: size=37, data=050C4020000000FE00010301010000FA7D80161400000000011E000000000D11041E0E26A1
[121.404709] Event: progress 38.67% (3168/8192)
[121.408473] INFO: Sleep: value=500
[121.920352] INFO: RTS: value=1
[121.921587] INFO: Write: size=5, data=050C602049
[121.923988] INFO: Sleep: value=200
[122.136045] INFO: Purge: direction=1
[122.136455] INFO: RTS: value=0
[122.633888] INFO: Read: size=37, data=050C6020080503020100FF00FE00FF00010200FEFF00020001FEFF00FFFF00020000FF0047
[122.634251] Event: progress 39.06% (3200/8192)
[122.638579] INFO: Sleep: value=500
[123.159358] INFO: RTS: value=1
[123.160699] INFO: Write: size=5, data=050C8020A9
[123.163664] INFO: Sleep: value=200
[123.375007] INFO: Purge: direction=1
[123.375396] INFO: RTS: value=0
[123.876546] INFO: Read: size=37, data=050C8020FD0200FC007DFC0601FFFF0001000100FEFD0000FF00007DFE02000101FFFF0150
[123.876985] Event: progress 39.45% (3232/8192)
[123.880115] INFO: Sleep: value=500
[124.391957] INFO: RTS: value=1
[124.393098] INFO: Write: size=5, data=050CA02089
[124.396553] INFO: Sleep: value=200
[124.608347] INFO: Purge: direction=1
[124.608988] INFO: RTS: value=0
[125.104828] INFO: Read: size=37, data=050CA020FF00007D800C0B0000820001FF03FEFF00000002FF7DFE070200FF0000007A7D71
[125.105299] Event: progress 39.84% (3264/8192)
[125.108560] INFO: Sleep: value=500
[125.614866] INFO: RTS: value=1
[125.616192] INFO: Write: size=5, data=050CC020E9
[125.619180] INFO: Sleep: value=200
[125.825194] INFO: Purge: direction=1
[125.825621] INFO: RTS: value=0
[126.316950] INFO: Read: size=37, data=050CC020FA040001010000FE7DF50C000000000000FDFEFFFFFEFD0001007D801616000091
[126.317186] Event: progress 40.23% (3296/8192)
[126.319236] INFO: Sleep: value=500
[126.826160] INFO: RTS: value=1
[126.827330] INFO: Write: size=5, data=050CE020C9
[126.830022] INFO: Sleep: value=200
[127.043124] INFO: Purge: direction=1
[127.043766] INFO: RTS: value=0
[127.529385] INFO: Read: size=37, data=050CE0200000011E00000000190A070F132F080201000301FF0101010100FDFFFFFFFF01FB
[127.529717] Event: progress 40.63% (3328/8192)
[127.533984] INFO: Sleep: value=500
[128.048962] INFO: RTS: value=1
[128.049962] INFO: Write: size=5, data=050D002028
[128.052943] INFO: Sleep: value=200
[128.255538] INFO: Purge: direction=1
[128.256329] INFO: RTS: value=0
[128.757773] INFO: Read: size=37, data=050D002000000000010001FF0101000101FFFF00FFFF0001FFFEFE01000000010000007D54
[128.758242] Event: progress 41.02% (3360/8192)
[128.761560] INFO: Sleep: value=500
[129.277673] INFO: RTS: value=1
[129.279775] INFO: Write: size=5, data=050D202008
[129.281748] INFO: Sleep: value=200
[129.494527] INFO: Purge: direction=1
[129.494879] INFO: RTS: value=0
[129.986435] INFO: Read: size=37, data=050D2020FA0202FFFF00000000010001017DFA01000102000201FFFE01FF0100FE0002FF88
[129.986784] Event: progress 41.41% (3392/8192)
[129.989995] INFO: Sleep: value=500
[130.492316] INFO: RTS: value=1
[130.493969] INFO: Write: size=5, data=050D402068
[130.496950] INFO: Sleep: value=200
[130.701864] INFO: Purge: direction=1
[130.702456] INFO: RTS: value=0
[131.198497] INFO: Read: size=37, data=050D4020000000FF7D80131800000000011E00000000190A0714132F08030201010204004D
[131.198970] Event: progress 41.80% (3424/8192)
[131.202171] INFO: Sleep: value=500
[131.704528] INFO: RTS: value=1
[131.706531] INFO: Write: size=5, data=050D602048
[131.708238] INFO: Sleep: value=200
[131.920411] INFO: Purge: direction=1
[131.920916] INFO: RTS: value=0
[132.410514] INFO: Read: size=37, data=050D602000FEFE010100FFFF0001FF0100FFFF010000020000FFFEFFFD00000000000100B6
[132.410923] Event: progress 42.19% (3456/8192)
[132.414461] INFO: Sleep: value=500
[132.922089] INFO: RTS: value=1
[132.926461] INFO: Write: size=5, data=050D8020A8
[132.926872] INFO: Sleep: value=200
[133.134515] INFO: Purge: direction=1
[133.134807] INFO: RTS: value=0
[133.638608] INFO: Read: size=37, data=050D802000FFFB00FF0100000000FFFF7DFF01007D80151800001412011E000000071A0A2F
[133.638848] Event: progress 42.58% (3488/8192)
[133.640369] INFO: Sleep: value=500
[134.149714] INFO: RTS: value=1
[134.150282] INFO: Write: size=5, data=050DA02088
[134.151320] INFO: Sleep: value=200
[134.372586] INFO: Purge: direction=1
[134.372770] INFO: RTS: value=0
[134.866713] INFO: Read: size=37, data=050DA02007150E230500040401000100010000FF000000FF0200FF0000FF00000101FF004E
[134.866915] Event: progress 42.97% (3520/8192)
[134.868430] INFO: Sleep: value=500
[135.371193] INFO: RTS: value=1
[135.371911] INFO: Write: size=5, data=050DC020E8
[135.374014] INFO: Sleep: value=200
[135.588096] INFO: Purge: direction=1
[135.588431] INFO: RTS: value=0
[136.078890] INFO: Read: size=37, data=050DC020000000FF00010100FF00000200FFFF000000FFFF01010000FEFD0100FF00010117
[136.079305] Event: progress 43.36% (3552/8192)
[136.083612] INFO: Sleep: value=500
[136.596401] INFO: RTS: value=1
[136.597477] INFO: Write: size=5, data=050DE020C8
[136.601189] INFO: Sleep: value=200
[136.806448] INFO: Purge: direction=1
[136.806629] INFO: RTS: value=0
[137.307238] INFO: Read: size=37, data=050DE020FF00FF000100010000FD02000000FF0100FF000100FF000000FE01000000FF00C8
[137.307560] Event: progress 43.75% (3584/8192)
[137.310322] INFO: Sleep: value=500
[137.812299] INFO: RTS: value=1
[137.813161] INFO: Write: size=5, data=050E00202B
[137.815565] INFO: Sleep: value=200
[138.035285] INFO: Purge: direction=1
[138.035654] INFO: RTS: value=0
[138.519690] INFO: Read: size=37, data=050E0020FF7D80111800000700021E00000023190A07150F1D057D80191900000000011EEC
[138.519905] Event: progress 44.14% (3616/8192)
[138.522753] INFO: Sleep: value=500
[139.037503] INFO: RTS: value=1
[139.038267] INFO: Write: size=5, data=050E20200B
[139.040795] INFO: Sleep: value=200
[139.253676] INFO: Purge: direction=1
[139.254066] INFO: RTS: value=0
[139.748108] INFO: Read: size=37, data=050E202000000000180A071C1024090003040001FF00FF010100FF00FE0001FF02FFFF01C5
[139.748422] Event: progress 44.53% (3648/8192)
[139.751296] INFO: Sleep: value=500
[140.256694] INFO: RTS: value=1
[140.257640] INFO: Write: size=5, data=050E40206B
[140.261074] INFO: Sleep: value=200
[140.472895] INFO: Purge: direction=1
[140.473226] INFO: RTS: value=0
[140.960584] INFO: Read: size=37, data=050E4020FF01FF020000FF0000FF010001FFFF02FE01FF000201FFFE00FF00000001020094
[140.960953] Event: progress 44.92% (3680/8192)
[140.963845] INFO: Sleep: value=500
[141.475597] INFO: RTS: value=1
[141.476216] INFO: Write: size=5, data=050E60204B
[141.478184] INFO: Sleep: value=200
[141.684788] INFO: Purge: direction=1
[141.684929] INFO: RTS: value=0
[142.188530] INFO: Read: size=37, data=050E6020FF00FFFF01FCFD00000202FFFC7D0100FF7DFF0400FD007D000300FF00020100CD
[142.188735] Event: progress 45.31% (3712/8192)
[142.190149] INFO: Sleep: value=500
[142.693646] INFO: RTS: value=1
[142.694660] INFO: Write: size=5, data=050E8020AB
[142.697308] INFO: Sleep: value=200
[142.909462] INFO: Purge: direction=1
[142.909596] INFO: RTS: value=0
[143.400614] INFO: Read: size=37, data=050E8020FD007DFF02FF7DFD7D0101FF00007D0200FE7D80161700001846011E0000000413
[143.400804] Event: progress 45.70% (3744/8192)
[143.402176] INFO: Sleep: value=500
[143.907964] INFO: RTS: value=1
[143.909360] INFO: Write: size=5, data=050EA0208B
[143.912254] INFO: Sleep: value=200
[144.124603] INFO: Purge: direction=1
[144.124889] INFO: RTS: value=0
[144.612859] INFO: Read: size=37, data=050EA020160A071F0F36050304010402030200FF0200FF0100FDFDFE000001FFFF0000004E
[144.613241] Event: progress 46.09% (3776/8192)
[144.616297] INFO: Sleep: value=500
[145.123150] INFO: RTS: value=1
[145.123859] INFO: Write: size=5, data=050EC020EB
[145.124948] INFO: Sleep: value=200
[145.339297] INFO: Purge: direction=1
[145.339450] INFO: RTS: value=0
[145.824884] INFO: Read: size=37, data=050EC020FF0101FF010000FFFF0101000100010000FE000000FF00000000FF0002FFFF0016
[145.825077] Event: progress 46.48% (3808/8192)
[145.826394] INFO: Sleep: value=500
[146.337871] INFO: RTS: value=1
[146.338400] INFO: Write: size=5, data=050EE020CB
[146.339467] INFO: Sleep: value=200
[146.554946] INFO: Purge: direction=1
[146.555368] INFO: RTS: value=0
[147.052858] INFO: Read: size=37, data=050EE020000101FF00FF02FFFF0000FF01000000FF00000100FF01FF01FDFE020001FF0036
[147.053038] Event: progress 46.88% (3840/8192)
[147.054505] INFO: Sleep: value=500
[147.568164] INFO: RTS: value=1
[147.569027] INFO: Write: size=5, data=050F00202A
[147.571590] INFO: Sleep: value=200
[147.784335] INFO: Purge: direction=1
[147.784671] INFO: RTS: value=0
[148.280978] INFO: Read: size=37, data=050F0020000000FFFF00010000010000000000FFFF00000000000100FF0001000001FF002B
[148.281201] Event: progress 47.27% (3872/8192)
[148.283113] INFO: Sleep: value=500
[148.786367] INFO: RTS: value=1
[148.787391] INFO: Write: size=5, data=050F20200A
[148.789923] INFO: Sleep: value=200
[149.002406] INFO: Purge: direction=1
[149.002794] INFO: RTS: value=0
[149.493321] INFO: Read: size=37, data=050F20200000FFFF0100FF01FF02FF000001FFFF00FFFF7D800C1600000000011E0000000E
[149.493742] Event: progress 47.66% (3904/8192)
[149.496901] INFO: Sleep: value=500
[150.004331] INFO: RTS: value=1
[150.005191] INFO: Write: size=5, data=050F40206A
[150.006842] INFO: Sleep: value=200
[150.220486] INFO: Purge: direction=1
[150.220882] INFO: RTS: value=0
[150.721306] INFO: Read: size=37, data=050F402000160A08090F0B0602060101FE000000FF02010000000101FFFF000100FFFFFD8F
[150.721688] Event: progress 48.05% (3936/8192)
[150.724913] INFO: Sleep: value=500
[151.238511] INFO: RTS: value=1
[151.239163] INFO: Write: size=5, data=050F60204A
[151.240934] INFO: Sleep: value=200
[151.461231] INFO: Purge: direction=1
[151.461461] INFO: RTS: value=0
[151.949456] INFO: Read: size=37, data=050F6020FFFEFFFF7D80131400000600021E0000001B150A08090F20057D007D007DFF7D7B
[151.949839] Event: progress 48.44% (3968/8192)
[151.952954] INFO: Sleep: value=500
[152.462724] INFO: RTS: value=1
[152.463693] INFO: Write: size=5, data=050F8020AA
[152.468978] INFO: Sleep: value=200
[152.678849] INFO: Purge: direction=1
[152.678994] INFO: RTS: value=0
[153.177514] INFO: Read: size=37, data=050F8020007D00017D80151500000531011E00000006160A080B102F060502020001FF00DB
[153.177815] Event: progress 48.83% (4000/8192)
[153.180372] INFO: Sleep: value=500
[153.694730] INFO: RTS: value=1
[153.695525] INFO: Write: size=5, data=050FA0208A
[153.697260] INFO: Sleep: value=200
[153.910762] INFO: Purge: direction=1
[153.910967] INFO: RTS: value=0
[154.405651] INFO: Read: size=37, data=050FA020000001000001FF00010000000000FF0001010000FC000101000000FF000000028A
[154.405789] Event: progress 49.22% (4032/8192)
[154.407802] INFO: Sleep: value=500
[154.916953] INFO: RTS: value=1
[154.917627] INFO: Write: size=5, data=050FC020EA
[154.918703] INFO: Sleep: value=200
[155.121059] INFO: Purge: direction=1
[155.121445] INFO: RTS: value=0
[155.633849] INFO: Read: size=37, data=050FC02000FF000100FF0000000001FE000002FF00FFFFFFFF0001FF0000FFFF0101000017
[155.634206] Event: progress 49.61% (4064/8192)
[155.637242] INFO: Sleep: value=500
[156.145213] INFO: RTS: value=1
[156.145910] INFO: Write: size=5, data=050FE020CA
[156.147179] INFO: Sleep: value=200
[156.367708] INFO: Purge: direction=1
[156.368234] INFO: RTS: value=0
[156.862162] INFO: Read: size=37, data=050FE02000000000010000FF01FFFD000100010200FE00000000000100FD00010001020035
[156.862658] Event: progress 50.00% (4096/8192)
[156.865855] INFO: Sleep: value=500
[157.368997] INFO: RTS: value=1
[157.369861] INFO: Write: size=5, data=0510002035
[157.371970] INFO: Sleep: value=200
[157.585121] INFO: Purge: direction=1
[157.585576] INFO: RTS: value=0
[158.074238] INFO: Read: size=37, data=05100020FE007D80111500000000011E00000000110A090B080E0702050807070202040739
[158.074592] Event: progress 50.39% (4128/8192)
[158.077764] INFO: Sleep: value=500
[158.586982] INFO: RTS: value=1
[158.588032] INFO: Write: size=5, data=0510202015
[158.590731] INFO: Sleep: value=200
[158.802818] INFO: Purge: direction=1
[158.802983] INFO: RTS: value=0
[159.302615] INFO: Read: size=37, data=051020200100FFFF000000FFFFFF000102010101020000FF00FFFCFE000000FFFFFC01FFEB
[159.303083] Event: progress 50.78% (4160/8192)
[159.309571] INFO: Sleep: value=500
[159.819842] INFO: RTS: value=1
[159.820787] INFO: Write: size=5, data=0510402075
[159.823376] INFO: Sleep: value=200
[160.036099] INFO: Purge: direction=1
[160.036271] INFO: RTS: value=0
[160.530483] INFO: Read: size=37, data=05104020FFFF00000100030001FF0204030000FFFEFEFDFDFEFBFDFEFDFDFEFFFCFFFDFE74
[160.530665] Event: progress 51.17% (4192/8192)
[160.532023] INFO: Sleep: value=500
[161.037924] INFO: RTS: value=1
[161.038727] INFO: Write: size=5, data=0510602055
[161.039793] INFO: Sleep: value=200
[161.254068] INFO: Purge: direction=1
[161.254561] INFO: RTS: value=0
[161.742760] INFO: Read: size=37, data=051060207D80111100000D03021E00000002130A090B0C0509070901040401FDFDFEFDF856
[161.742967] Event: progress 51.56% (4224/8192)
[161.744429] INFO: Sleep: value=500
[162.255274] INFO: RTS: value=1
[162.256169] INFO: Write: size=5, data=05108020B5
[162.259676] INFO: Sleep: value=200
[162.477642] INFO: Purge: direction=1
[162.478070] INFO: RTS: value=0
[162.970940] INFO: Read: size=37, data=051080207D0216127AFB7D8180111100002917011E00000009110A090C0B3B0501FF0103CC
[162.971327] Event: progress 51.95% (4256/8192)
[162.974633] INFO: Sleep: value=500
[163.481581] INFO: RTS: value=1
[163.482816] INFO: Write: size=5, data=0510A02095
[163.485236] INFO: Sleep: value=200
[163.697506] INFO: Purge: direction=1
[163.697978] INFO: RTS: value=0
[164.199098] INFO: Read: size=37, data=0510A0200105FF00000100FE020300FF0001010100010000010001FFFF01010202FF00FF6F
[164.199513] Event: progress 52.34% (4288/8192)
[164.202954] INFO: Sleep: value=500
[164.719834] INFO: RTS: value=1
[164.720832] INFO: Write: size=5, data=0510C020F5
[164.723587] INFO: Sleep: value=200
[164.935740] INFO: Purge: direction=1
[164.936256] INFO: RTS: value=0
[165.427175] INFO: Read: size=37, data=0510C020FF0001FEFFFF00FEFEFEFE0000FDFEFF0100FF007DFD010000007DFF7D80111109
[165.427491] Event: progress 52.73% (4320/8192)
[165.432174] INFO: Sleep: value=500
[165.937431] INFO: RTS: value=1
[165.938324] INFO: Write: size=5, data=0510E020D5
[165.941304] INFO: Sleep: value=200
[166.153526] INFO: Purge: direction=1
[166.153714] INFO: RTS: value=0
[166.639399] INFO: Read: size=37, data=0510E02000000000011E00000000110A091014080C01050202010400FEFFFF00FEFC030127
[166.639685] Event: progress 53.13% (4352/8192)
[166.641605] INFO: Sleep: value=500
[167.155503] INFO: RTS: value=1
[167.156278] INFO: Write: size=5, data=0511002034
[167.157370] INFO: Sleep: value=200
[167.371632] INFO: Purge: direction=1
[167.372011] INFO: RTS: value=0
[167.867367] INFO: Read: size=37, data=05110020FF0100FF0300FFFF020500FCFDFDFFFEFE000700000100000001FF0000000102C9
[167.867713] Event: progress 53.52% (4384/8192)
[167.870556] INFO: Sleep: value=500
[168.373735] INFO: RTS: value=1
[168.374534] INFO: Write: size=5, data=0511202014
[168.375812] INFO: Sleep: value=200
[168.589910] INFO: Purge: direction=1
[168.590112] INFO: RTS: value=0
[169.079566] INFO: Read: size=37, data=0511202000FCFF00FFFF0000FF00FD030002010500FB00010200FD00FCFD0100FFFC007D6B
[169.079795] Event: progress 53.91% (4416/8192)
[169.081196] INFO: Sleep: value=500
[169.592637] INFO: RTS: value=1
[169.593272] INFO: Write: size=5, data=0511402074
[169.595587] INFO: Sleep: value=200
[169.808831] INFO: Purge: direction=1
[169.808990] INFO: RTS: value=0
[170.307692] INFO: Read: size=37, data=05114020FD0201FE7DFE7D01027D800F1100001A3E011E00000005100A09130B1409050443
[170.307926] Event: progress 54.30% (4448/8192)
[170.309453] INFO: Sleep: value=500
[170.811266] INFO: RTS: value=1
[170.812713] INFO: Write: size=5, data=0511602054
[170.818306] INFO: Sleep: value=200
[171.033775] INFO: Purge: direction=1
[171.034184] INFO: RTS: value=0
[171.519956] INFO: Read: size=37, data=051160200302030100FE0000007AFF7D800F0D00001D00021E00000029100A09130B387BB3
[171.520315] Event: progress 54.69% (4480/8192)
[171.523312] INFO: Sleep: value=500
[172.035545] INFO: RTS: value=1
[172.036704] INFO: Write: size=5, data=05118020B4
[172.039165] INFO: Sleep: value=200
[172.251661] INFO: Purge: direction=1
[172.251868] INFO: RTS: value=0
[172.747941] INFO: Read: size=37, data=05118020060401010104000101017A7D80101000000800031E00000022100A09130C0A0501
[172.748303] Event: progress 55.08% (4512/8192)
[172.751393] INFO: Sleep: value=500
[173.253980] INFO: RTS: value=1
[173.254551] INFO: Write: size=5, data=0511A02094
[173.255719] INFO: Sleep: value=200
[173.469834] INFO: Purge: direction=1
[173.470005] INFO: RTS: value=0
[173.960198] INFO: Read: size=37, data=0511A0207D00007D00030200FEFF020000FE0003020100FE000101FFFF020101FFFC010395
[173.960514] Event: progress 55.47% (4544/8192)
[173.963017] INFO: Sleep: value=500
[174.471328] INFO: RTS: value=1
[174.472492] INFO: Write: size=5, data=0511C020F4
[174.476037] INFO: Sleep: value=200
[174.687173] INFO: Purge: direction=1
[174.687593] INFO: RTS: value=0
[175.188325] INFO: Read: size=37, data=0511C02001FF007D80101000000000011E00000000120A091714160A0304010000FD040019
[175.188518] Event: progress 55.86% (4576/8192)
[175.190768] INFO: Sleep: value=500
[175.705029] INFO: RTS: value=1
[175.705704] INFO: Write: size=5, data=0511E020D4
[175.706606] INFO: Sleep: value=200
[175.921207] INFO: Purge: direction=1
[175.921508] INFO: RTS: value=0
[176.416534] INFO: Read: size=37, data=0511E0200100FDFEFF0202FFFF0100FFFFFD04010000000200FEFCFF0001FF0400FFFE01D5
[176.416793] Event: progress 56.25% (4608/8192)
[176.418707] INFO: Sleep: value=500
[176.923729] INFO: RTS: value=1
[176.924492] INFO: Write: size=5, data=0512002037
[176.925567] INFO: Sleep: value=200
[177.145750] INFO: Purge: direction=1
[177.146087] INFO: RTS: value=0
[177.628838] INFO: Read: size=37, data=0512002003020000FE010000FF01FFFF0000FFFEFE05010000FE0100FEFF02000201FFFD31
[177.629201] Event: progress 56.64% (4640/8192)
[177.632349] INFO: Sleep: value=500
[178.146904] INFO: RTS: value=1
[178.147523] INFO: Write: size=5, data=0512202017
[178.148826] INFO: Sleep: value=200
[178.362722] INFO: Purge: direction=1
[178.362967] INFO: RTS: value=0
[178.856966] INFO: Read: size=37, data=05122020FC7D80101000000000011E000000000F0A0A030B17130DFFFEFFFD01FF01FF0004
[178.857302] Event: progress 57.03% (4672/8192)
[178.860293] INFO: Sleep: value=500
[179.365242] INFO: RTS: value=1
[179.365906] INFO: Write: size=5, data=0512402077
[179.366758] INFO: Sleep: value=200
[179.581475] INFO: Purge: direction=1
[179.581756] INFO: RTS: value=0
[180.069049] INFO: Read: size=37, data=051240200000000000000000000501FF01FF0001000000FFFDFE000100000001FFFF00028D
[180.069421] Event: progress 57.42% (4704/8192)
[180.072566] INFO: Sleep: value=500
[180.582820] INFO: RTS: value=1
[180.584112] INFO: Write: size=5, data=0512602057
[180.586810] INFO: Sleep: value=200
[180.803104] INFO: Purge: direction=1
[180.803337] INFO: RTS: value=0
[181.297281] INFO: Read: size=37, data=05126020FF000100000000FFFF02FFFEFEFA7D800F0C00000000011E00000000100A0A0A55
[181.297585] Event: progress 57.81% (4736/8192)
[181.299082] INFO: Sleep: value=500
[181.802017] INFO: RTS: value=1
[181.803225] INFO: Write: size=5, data=05128020B7
[181.805901] INFO: Sleep: value=200
[182.017812] INFO: Purge: direction=1
[182.018316] INFO: RTS: value=0
[182.509537] INFO: Read: size=37, data=051280200B000C0507080A0703050503FE02000000FCFAFF01FFFBFFFF00FFFFFCFEF7FAB8
[182.510000] Event: progress 58.20% (4768/8192)
[182.513232] INFO: Sleep: value=500
[183.017718] INFO: RTS: value=1
[183.019077] INFO: Write: size=5, data=0512A02097
[183.022033] INFO: Sleep: value=200
[183.233272] INFO: Purge: direction=1
[183.233792] INFO: RTS: value=0
[183.721658] INFO: Read: size=37, data=0512A020FDFE01FB000402FE04FA0000000000FD7D80070E00000000011E000000000D0A79
[183.722181] Event: progress 58.59% (4800/8192)
[183.725849] INFO: Sleep: value=500
[184.234052] INFO: RTS: value=1
[184.235346] INFO: Write: size=5, data=0512C020F7
[184.237828] INFO: Sleep: value=200
[184.449499] INFO: Purge: direction=1
[184.450114] INFO: RTS: value=0
[184.949831] INFO: Read: size=37, data=0512C0200A110A2F0A0404020204010200FFFC02FF0001FFFFFDFEFDFFFF000001FF00003B
[184.950509] Event: progress 58.98% (4832/8192)
[184.958545] INFO: Sleep: value=500
[185.466527] INFO: RTS: value=1
[185.468009] INFO: Write: size=5, data=0512E020D7
[185.473753] INFO: Sleep: value=200
[185.682037] INFO: Purge: direction=1
[185.682571] INFO: RTS: value=0
[186.177882] INFO: Read: size=37, data=0512E020FE0000FE0001FF0000FF0000000101FEFF7D800C0D00000000011E000000001B2F
[186.178356] Event: progress 59.38% (4864/8192)
[186.181717] INFO: Sleep: value=500
[186.704754] INFO: RTS: value=1
[186.705604] INFO: Write: size=5, data=0513002036
[186.707378] INFO: Sleep: value=200
[186.921090] INFO: Purge: direction=1
[186.921654] INFO: RTS: value=0
[187.421930] INFO: Read: size=37, data=051300200B020C0F33097D00007DFE7A7D801B1C00000000011E00000000140B03140D1F7D
[187.422259] Event: progress 59.77% (4896/8192)
[187.425406] INFO: Sleep: value=500
[187.936877] INFO: RTS: value=1
[187.938197] INFO: Write: size=5, data=0513202016
[187.940681] INFO: Sleep: value=200
[188.152439] INFO: Purge: direction=1
[188.152776] INFO: RTS: value=0
[188.650000] INFO: Read: size=37, data=05132020090301050A0001FF00000000000000000000FF01010100FFFFFF000200FC00FEED
[188.650468] Event: progress 60.16% (4928/8192)
[188.654987] INFO: Sleep: value=500
[189.169775] INFO: RTS: value=1
[189.171147] INFO: Write: size=5, data=0513402076
[189.176666] INFO: Sleep: value=200
[189.385354] INFO: Purge: direction=1
[189.385811] INFO: RTS: value=0
[189.878102] INFO: Read: size=37, data=05134020030100000100000000FEFCFC02000000050301FF000000FE01010002FE0100FD8F
[189.878560] Event: progress 60.55% (4960/8192)
[189.881784] INFO: Sleep: value=500
[190.385392] INFO: RTS: value=1
[190.386840] INFO: Write: size=5, data=0513602056
[190.389572] INFO: Sleep: value=200
[190.607047] INFO: Purge: direction=1
[190.607758] INFO: RTS: value=0
[191.090169] INFO: Read: size=37, data=05136020FF01010101000000FF0003FD0000000100FEFDFB0000000004FDFE040103FEFA54
[191.090482] Event: progress 60.94% (4992/8192)
[191.094260] INFO: Sleep: value=500
[191.606690] INFO: RTS: value=1
[191.608278] INFO: Write: size=5, data=05138020B6
[191.611095] INFO: Sleep: value=200
[191.822503] INFO: Purge: direction=1
[191.822971] INFO: RTS: value=0
[192.318325] INFO: Read: size=37, data=0513802000FF0102FEFFFF01FEF97D80141400000000011E00000000110B05010F080A0340
[192.318788] Event: progress 61.33% (5024/8192)
[192.322112] INFO: Sleep: value=500
[192.824199] INFO: RTS: value=1
[192.825237] INFO: Write: size=5, data=0513A02096
[192.830545] INFO: Sleep: value=200
[193.039580] INFO: Purge: direction=1
[193.039953] INFO: RTS: value=0
[193.530569] INFO: Read: size=37, data=0513A020020101FFFF01000000FE00000100000000FEFC000000FF0100FF020000FFFF7D16
[193.531035] Event: progress 61.72% (5056/8192)
[193.534281] INFO: Sleep: value=500
[194.041819] INFO: RTS: value=1
[194.043237] INFO: Write: size=5, data=0513C020F6
[194.046179] INFO: Sleep: value=200
[194.257836] INFO: Purge: direction=1
[194.258424] INFO: RTS: value=0
[194.758682] INFO: Read: size=37, data=0513C020800F0F00000000011E00000000140B07030B010804010301000100FEFE00FFFE77
[194.759147] Event: progress 62.11% (5088/8192)
[194.762383] INFO: Sleep: value=500
[195.273481] INFO: RTS: value=1
[195.274802] INFO: Write: size=5, data=0513E020D6
[195.277737] INFO: Sleep: value=200
[195.489418] INFO: Purge: direction=1
[195.489982] INFO: RTS: value=0
[195.986685] INFO: Read: size=37, data=0513E020FE000000000000FF0001010000000001FF000000FE030000FF01FFFF0002FFFE29
[195.987258] Event: progress 62.50% (5120/8192)
[195.991966] INFO: Sleep: value=500
[196.511332] INFO: RTS: value=1
[196.512807] INFO: Write: size=5, data=0514002031
[196.515186] INFO: Sleep: value=200
[196.727168] INFO: Purge: direction=1
[196.727797] INFO: RTS: value=0
[197.214855] INFO: Read: size=37, data=05140020FF00FF7DFF0200000000000001007D800F1300000000011E000000001C0B071846
[197.215328] Event: progress 62.89% (5152/8192)
[197.218662] INFO: Sleep: value=500
[197.726418] INFO: RTS: value=1
[197.727848] INFO: Write: size=5, data=0514202011
[197.734140] INFO: Sleep: value=200
[197.942038] INFO: Purge: direction=1
[197.942561] INFO: RTS: value=0
[198.442879] INFO: Read: size=37, data=051420200D3B0D0001FFFD0503010103060205FD01FE080004020102000002010001000020
[198.443335] Event: progress 63.28% (5184/8192)
[198.446538] INFO: Sleep: value=500
[198.957925] INFO: RTS: value=1
[198.959213] INFO: Write: size=5, data=0514402071
[198.961764] INFO: Sleep: value=200
[199.173330] INFO: Purge: direction=1
[199.173837] INFO: RTS: value=0
[199.671025] INFO: Read: size=37, data=05144020FFFF00FF000000FFFD000300020000FF0101FFFDFFFE00FDFAFEFCFFFEFFFF0075
[199.671501] Event: progress 63.67% (5216/8192)
[199.674767] INFO: Sleep: value=500
[200.190005] INFO: RTS: value=1
[200.191257] INFO: Write: size=5, data=0514602051
[200.194003] INFO: Sleep: value=200
[200.412201] INFO: Purge: direction=1
[200.412725] INFO: RTS: value=0
[200.899150] INFO: Read: size=37, data=051460200000FFFF00FEFFFFFF0000FFFFFD0100FF017D80191A00002401021E0000000E9B
[200.899620] Event: progress 64.06% (5248/8192)
[200.902829] INFO: Sleep: value=500
[201.412084] INFO: RTS: value=1
[201.413354] INFO: Write: size=5, data=05148020B1
[201.416208] INFO: Sleep: value=200
[201.627876] INFO: Purge: direction=1
[201.628829] INFO: RTS: value=0
[202.127261] INFO: Read: size=37, data=051480201B0B071810100E00FF0002020B070904030000FDFBFE03FF000000FBF80001004B
[202.127728] Event: progress 64.45% (5280/8192)
[202.131117] INFO: Sleep: value=500
[202.632996] INFO: RTS: value=1
[202.634401] INFO: Write: size=5, data=0514A02091
[202.636969] INFO: Sleep: value=200
[202.848682] INFO: Purge: direction=1
[202.849112] INFO: RTS: value=0
[203.339371] INFO: Read: size=37, data=0514A020FFFCFDFBFDFA06020506030204050600FD0104FE0401000101FD0100F80201FF69
[203.339833] Event: progress 64.84% (5312/8192)
[203.343134] INFO: Sleep: value=500
[203.849086] INFO: RTS: value=1
[203.850367] INFO: Write: size=5, data=0514C020F1
[203.852875] INFO: Sleep: value=200
[204.065054] INFO: Purge: direction=1
[204.065487] INFO: RTS: value=0
[204.551484] INFO: Read: size=37, data=0514C0200100F90403FFFC00FD00030001FFFEFEFF0101FE7AF2FDF900000100FFFF7D807C
[204.551963] Event: progress 65.23% (5344/8192)
[204.555209] INFO: Sleep: value=500
[205.065238] INFO: RTS: value=1
[205.066903] INFO: Write: size=5, data=0514E020D1
[205.073276] INFO: Sleep: value=200
[205.280792] INFO: Purge: direction=1
[205.281590] INFO: RTS: value=0
[205.779463] INFO: Read: size=37, data=0514E020181A00000000011E00000000170B08041400050005030101FF010205010100F9CB
[205.779829] Event: progress 65.63% (5376/8192)
[205.787049] INFO: Sleep: value=500
[206.296843] INFO: RTS: value=1
[206.298320] INFO: Write: size=5, data=0515002030
[206.300683] INFO: Sleep: value=200
[206.518549] INFO: Purge: direction=1
[206.519132] INFO: RTS: value=0
[207.007727] INFO: Read: size=37, data=0515002000FC0A7A00FEFFFC7DF50701FFFE00000200FF027DF80600007DFD060000010035
[207.008194] Event: progress 66.02% (5408/8192)
[207.011504] INFO: Sleep: value=500
[207.519501] INFO: RTS: value=1
[207.520713] INFO: Write: size=5, data=0515202010
[207.523383] INFO: Sleep: value=200
[207.727612] INFO: Purge: direction=1
[207.728160] INFO: RTS: value=0
[208.235819] INFO: Read: size=37, data=05152020FF00007A7DFD7A7D800E1300000000011E00000000140B090A0B291203FF030241
[208.236289] Event: progress 66.41% (5440/8192)
[208.239745] INFO: Sleep: value=500
[208.742268] INFO: RTS: value=1
[208.743369] INFO: Write: size=5, data=0515402070
[208.745909] INFO: Sleep: value=200
[208.949900] INFO: Purge: direction=1
[208.950379] INFO: RTS: value=0
[209.447839] INFO: Read: size=37, data=0515402002010002000001010100FE0000FFFF00FF0000FFFF00010000FF0101FF02000072
[209.448308] Event: progress 66.80% (5472/8192)
[209.452281] INFO: Sleep: value=500
[209.965714] INFO: RTS: value=1
[209.967146] INFO: Write: size=5, data=0515602050
[209.969920] INFO: Sleep: value=200
[210.181584] INFO: Purge: direction=1
[210.182261] INFO: RTS: value=0
[210.675936] INFO: Read: size=37, data=05156020000101FFFFFC00FFFE000000010101FF00000100000001FF0001FFFF00FF00FFAD
[210.676236] Event: progress 67.19% (5504/8192)
[210.681862] INFO: Sleep: value=500
[211.198177] INFO: RTS: value=1
[211.199327] INFO: Write: size=5, data=05158020B0
[211.201896] INFO: Sleep: value=200
[211.420360] INFO: Purge: direction=1
[211.420838] INFO: RTS: value=0
[211.904117] INFO: Read: size=37, data=05158020020101FEFEFD7A7DF3007D030804007D80111100000903021E00000002130B0931
[211.904483] Event: progress 67.58% (5536/8192)
[211.907758] INFO: Sleep: value=500
[212.420413] INFO: RTS: value=1
[212.421735] INFO: Write: size=5, data=0515A02090
[212.424374] INFO: Sleep: value=200
[212.635646] INFO: Purge: direction=1
[212.636109] INFO: RTS: value=0
[213.132237] INFO: Read: size=37, data=0515A0200A0F2008010000FE7D010100000000FFFF000000000000FF02017D80111100003E
[213.132560] Event: progress 67.97% (5568/8192)
[213.134691] INFO: Sleep: value=500
[213.650739] INFO: RTS: value=1
[213.652304] INFO: Write: size=5, data=0515C020F0
[213.655128] INFO: Sleep: value=200
[213.866413] INFO: Purge: direction=1
[213.867352] INFO: RTS: value=0
[214.360404] INFO: Read: size=37, data=0515C0200000011E00000000120B0A020A2F08050303010200020000FF00FFFF0000000028
[214.360867] Event: progress 68.36% (5600/8192)
[214.364216] INFO: Sleep: value=500
[214.881972] INFO: RTS: value=1
[214.883204] INFO: Write: size=5, data=0515E020D0
[214.885801] INFO: Sleep: value=200
[215.097787] INFO: Purge: direction=1
[215.098082] INFO: RTS: value=0
[215.588516] INFO: Read: size=37, data=0515E020FE00030000000000FFFF0001FF0100FF0000FF0000FF00FEFEFD0000000100FF2E
[215.589144] Event: progress 68.75% (5632/8192)
[215.593032] INFO: Sleep: value=500
[216.098457] INFO: RTS: value=1
[216.099816] INFO: Write: size=5, data=0516002033
[216.102467] INFO: Sleep: value=200
[216.320604] INFO: Purge: direction=1
[216.321064] INFO: RTS: value=0
[216.800575] INFO: Read: size=37, data=05160020000000FF000000010100FF00010001000101FFFF0100FF00FFFF7D800E1100002F
[216.800995] Event: progress 69.14% (5664/8192)
[216.804095] INFO: Sleep: value=500
[217.320813] INFO: RTS: value=1
[217.322081] INFO: Write: size=5, data=0516202013
[217.326898] INFO: Sleep: value=200
[217.536395] INFO: Purge: direction=1
[217.536908] INFO: RTS: value=0
[218.028774] INFO: Read: size=37, data=051620200000011E000000000B0B0A170A240A0401020404020602FF00FCFD00FFFFFEFDC9
[218.029249] Event: progress 69.53% (5696/8192)
[218.032441] INFO: Sleep: value=500
[218.536687] INFO: RTS: value=1
[218.537945] INFO: Write: size=5, data=0516402073
[218.540728] INFO: Sleep: value=200
[218.752950] INFO: Purge: direction=1
[218.753453] INFO: RTS: value=0
[219.240762] INFO: Read: size=37, data=051640200101010100FC000001FEFEFFFEFD0100FE0101FF0000FE00020101FFFE7D800A78
[219.241145] Event: progress 69.92% (5728/8192)
[219.246490] INFO: Sleep: value=500
[219.753423] INFO: RTS: value=1
[219.754862] INFO: Write: size=5, data=0516602053
[219.757428] INFO: Sleep: value=200
[219.968959] INFO: Purge: direction=1
[219.969515] INFO: RTS: value=0
[220.468988] INFO: Read: size=37, data=051660200B00000000011E00000000170C0219121D0CFF01FF00000100FFFE0000007DFFC7
[220.469459] Event: progress 70.31% (5760/8192)
[220.472910] INFO: Sleep: value=500
[220.986741] INFO: RTS: value=1
[220.987981] INFO: Write: size=5, data=05168020B3
[220.990500] INFO: Sleep: value=200
[221.202210] INFO: Purge: direction=1
[221.202593] INFO: RTS: value=0
[221.697096] INFO: Read: size=37, data=05168020020300FF00FF01FF01FE7DFA0701FF01FE7D0002000000FDFF04FEFE017DFD03C9
[221.697685] Event: progress 70.70% (5792/8192)
[221.700945] INFO: Sleep: value=500
[222.223882] INFO: RTS: value=1
[222.225071] INFO: Write: size=5, data=0516A02093
[222.228801] INFO: Sleep: value=200
[222.440167] INFO: Purge: direction=1
[222.440668] INFO: RTS: value=0
[222.941025] INFO: Read: size=37, data=0516A020FF0102FF02007D801B1C00000000011E000000001B0C041513310CFF000101FE5E
[222.941387] Event: progress 71.09% (5824/8192)
[222.944455] INFO: Sleep: value=500
[223.455434] INFO: RTS: value=1
[223.456693] INFO: Write: size=5, data=0516C020F3
[223.459403] INFO: Sleep: value=200
[223.671439] INFO: Purge: direction=1
[223.671954] INFO: RTS: value=0
[224.169195] INFO: Read: size=37, data=0516C020FEFF010002FFFE00000100000000FF0300FF010101FFFE03FE02FE0200FE7DFA88
[224.169655] Event: progress 71.48% (5856/8192)
[224.173023] INFO: Sleep: value=500
[224.677837] INFO: RTS: value=1
[224.679186] INFO: Write: size=5, data=0516E020D3
[224.681880] INFO: Sleep: value=200
[224.888170] INFO: Purge: direction=1
[224.888648] INFO: RTS: value=0
[225.381431] INFO: Read: size=37, data=0516E02004007C0300FE007DFE0301FE7D801C1C00000000011E000000000D0C05060E39FE
[225.381900] Event: progress 71.88% (5888/8192)
[225.385156] INFO: Sleep: value=500
[225.888089] INFO: RTS: value=1
[225.889467] INFO: Write: size=5, data=0517002032
[225.892251] INFO: Sleep: value=200
[226.103857] INFO: Purge: direction=1
[226.104458] INFO: RTS: value=0
[226.593546] INFO: Read: size=37, data=051700200704020000FE00FF0000010000000001FF0002040001010000FEFCFE0000000037
[226.594019] Event: progress 72.27% (5920/8192)
[226.597243] INFO: Sleep: value=500
[227.103708] INFO: RTS: value=1
[227.105052] INFO: Write: size=5, data=0517202012
[227.107491] INFO: Sleep: value=200
[227.325670] INFO: Purge: direction=1
[227.326297] INFO: RTS: value=0
[227.821597] INFO: Read: size=37, data=05172020FF0100FF0100FFFFFF0000FF007D800C0D00000000011E00000000160C051B0AFF
[227.821954] Event: progress 72.66% (5952/8192)
[227.823991] INFO: Sleep: value=500
[228.326139] INFO: RTS: value=1
[228.327354] INFO: Write: size=5, data=0517402072
[228.329983] INFO: Sleep: value=200
[228.541189] INFO: Purge: direction=1
[228.541642] INFO: RTS: value=0
[229.033790] INFO: Read: size=37, data=0517402015080504020201FEFDFFFFFF00FFFEFFFE010100010001000100FFFF01FFFFFF6C
[229.034251] Event: progress 73.05% (5984/8192)
[229.037503] INFO: Sleep: value=500
[229.546986] INFO: RTS: value=1
[229.548285] INFO: Write: size=5, data=0517602052
[229.550983] INFO: Sleep: value=200
[229.756037] INFO: Purge: direction=1
[229.756474] INFO: RTS: value=0
[230.261889] INFO: Read: size=37, data=051760200000FF010000000000FF01007DFB7D03020100FE00FF7DFD7D0101010000000054
[230.262363] Event: progress 73.44% (6016/8192)
[230.271908] INFO: Sleep: value=500
[230.779202] INFO: RTS: value=1
[230.780714] INFO: Write: size=5, data=05178020B2
[230.784131] INFO: Sleep: value=200
[230.994793] INFO: Purge: direction=1
[230.995361] INFO: RTS: value=0
[231.490000] INFO: Read: size=37, data=051780200100000101FF0001FFFE7D80121300000000011E000000001B0C070F0935067DF7
[231.490467] Event: progress 73.83% (6048/8192)
[231.493775] INFO: Sleep: value=500
[232.010387] INFO: RTS: value=1
[232.011283] INFO: Write: size=5, data=0517A02092
[232.017142] INFO: Sleep: value=200
[232.232442] INFO: Purge: direction=1
[232.232797] INFO: RTS: value=0
[232.717985] INFO: Read: size=37, data=0517A02000FF0100000000007DFF020001000001000000FF000000FF7DFE010001FF007DED
[232.718517] Event: progress 74.22% (6080/8192)
[232.721891] INFO: Sleep: value=500
[233.232193] INFO: RTS: value=1
[233.233431] INFO: Write: size=5, data=0517C020F2
[233.236271] INFO: Sleep: value=200
[233.447586] INFO: Purge: direction=1
[233.448083] INFO: RTS: value=0
[233.946234] INFO: Read: size=37, data=0517C020007DFF00010102FF02FF00000000000200FE0202010100000000FE000204000276
[233.946584] Event: progress 74.61% (6112/8192)
[233.951257] INFO: Sleep: value=500
[234.463866] INFO: RTS: value=1
[234.464585] INFO: Write: size=5, data=0517E020D2
[234.466275] INFO: Sleep: value=200
[234.680147] INFO: Purge: direction=1
[234.680624] INFO: RTS: value=0
[235.173997] INFO: Read: size=37, data=0517E02000FFFFFFFDFF01FF0000FE01FF0000FFFF01FFFE00000101FF7DFE00FF0300FFAE
[235.174166] Event: progress 75.00% (6144/8192)
[235.175540] INFO: Sleep: value=500
[235.682774] INFO: RTS: value=1
[235.683745] INFO: Write: size=5, data=051800203D
[235.686276] INFO: Sleep: value=200
[235.898926] INFO: Purge: direction=1
[235.899233] INFO: RTS: value=0
[236.386119] INFO: Read: size=37, data=05180020FF7DFF7DFF00017D010101FFFE7DFF7D00007D801A1B00000000011E00000000A2
[236.386320] Event: progress 75.39% (6176/8192)
[236.387952] INFO: Sleep: value=500
[236.900531] INFO: RTS: value=1
[236.901194] INFO: Write: size=5, data=051820201D
[236.902264] INFO: Sleep: value=200
[237.113509] INFO: Purge: direction=1
[237.113643] INFO: RTS: value=0
[237.614272] INFO: Read: size=37, data=05182020180C081515200B05010100FEFE01FCFF000404FF00FD0300010102FEFA7D000156
[237.614617] Event: progress 75.78% (6208/8192)
[237.618858] INFO: Sleep: value=500
[238.140660] INFO: RTS: value=1
[238.141447] INFO: Write: size=5, data=051840207D
[238.144942] INFO: Sleep: value=200
[238.356761] INFO: Purge: direction=1
[238.356957] INFO: RTS: value=0
[238.842148] INFO: Read: size=37, data=05184020FF0100000000FF010000FEFF00000204FFFC03FF0400FBFE04FFFEFFFFFE7DFEFC
[238.842252] Event: progress 76.17% (6240/8192)
[238.843762] INFO: Sleep: value=500
[239.358013] INFO: RTS: value=1
[239.358968] INFO: Write: size=5, data=051860205D
[239.361813] INFO: Sleep: value=200
[239.574226] INFO: Purge: direction=1
[239.574514] INFO: RTS: value=0
[240.070338] INFO: Read: size=37, data=051860207DFF0101020000FF7DFE0000010200FD010001017DFD00030200020000FC7DFBA7
[240.070602] Event: progress 76.56% (6272/8192)
[240.072678] INFO: Sleep: value=500
[240.575561] INFO: RTS: value=1
[240.576250] INFO: Write: size=5, data=05188020BD
[240.577876] INFO: Sleep: value=200
[240.791358] INFO: Purge: direction=1
[240.791706] INFO: RTS: value=0
[241.282743] INFO: Read: size=37, data=051880207D01030001FE7D80161800000000011E00000000150C081C1513060002FEFF7DA2
[241.283007] Event: progress 76.95% (6304/8192)
[241.286032] INFO: Sleep: value=500
[241.793550] INFO: RTS: value=1
[241.794126] INFO: Write: size=5, data=0518A0209D
[241.794972] INFO: Sleep: value=200
[242.009716] INFO: Purge: direction=1
[242.009847] INFO: RTS: value=0
[242.494795] INFO: Read: size=37, data=0518A020FF7D007D017D007D0000020100FF007DFD7D010000007D007D00010000FF02019E
[242.494951] Event: progress 77.34% (6336/8192)
[242.496569] INFO: Sleep: value=500
[243.012166] INFO: RTS: value=1
[243.012900] INFO: Write: size=5, data=0518C020FD
[243.014940] INFO: Sleep: value=200
[243.228351] INFO: Purge: direction=1
[243.228556] INFO: RTS: value=0
[243.722908] INFO: Read: size=37, data=0518C020FE7D00030000000100FD7DFD010201007D000101FF7D80151500000000011E0063
[243.723069] Event: progress 77.73% (6368/8192)
[243.724380] INFO: Sleep: value=500
[244.230721] INFO: RTS: value=1
[244.231563] INFO: Write: size=5, data=0518E020DD
[244.233312] INFO: Sleep: value=200
[244.453413] INFO: Purge: direction=1
[244.453549] INFO: RTS: value=0
[244.934998] INFO: Read: size=37, data=0518E020000000140C09080A3A7A15020002020101FEFFFDFF0100FF0201FF02000000009A
[244.935138] Event: progress 78.13% (6400/8192)
[244.936818] INFO: Sleep: value=500
[245.454237] INFO: RTS: value=1
[245.455406] INFO: Write: size=5, data=051900203C
[245.458599] INFO: Sleep: value=200
[245.670210] INFO: Purge: direction=1
[245.670415] INFO: RTS: value=0
[246.163124] INFO: Read: size=37, data=05190020FE0000010100FEFF00FD0100FEFF00FF010000FF0002FF0100FFFF010201FDFFC3
[246.163278] Event: progress 78.52% (6432/8192)
[246.164612] INFO: Sleep: value=500
[246.671821] INFO: RTS: value=1
[246.672452] INFO: Write: size=5, data=051920201C
[246.673492] INFO: Sleep: value=200
[246.887986] INFO: Purge: direction=1
[246.888117] INFO: RTS: value=0
[247.375260] INFO: Read: size=37, data=05192020FDFDFB7D80131300000904021E00000002160C09080F240700010101FE01007DBD
[247.375419] Event: progress 78.91% (6464/8192)
[247.376818] INFO: Sleep: value=500
[247.889600] INFO: RTS: value=1
[247.890201] INFO: Write: size=5, data=051940207C
[247.891216] INFO: Sleep: value=200
[248.105417] INFO: Purge: direction=1
[248.105578] INFO: RTS: value=0
[248.603235] INFO: Read: size=37, data=05194020FF000100FE010100FF02050300FF000000FEFFFF0000000200FFFF000001FE007B
[248.603386] Event: progress 79.30% (6496/8192)
[248.604867] INFO: Sleep: value=500
[249.116265] INFO: RTS: value=1
[249.116796] INFO: Write: size=5, data=051960205C
[249.118393] INFO: Sleep: value=200
[249.323535] INFO: Purge: direction=1
[249.323653] INFO: RTS: value=0
[249.831363] INFO: Read: size=37, data=051960200001FE0001020001010000FF01FF0100FF02FF01FFFF020100FF00010000FF00A1
[249.831484] Event: progress 79.69% (6528/8192)
[249.832847] INFO: Sleep: value=500
[250.338880] INFO: RTS: value=1
[250.339416] INFO: Write: size=5, data=05198020BC
[250.340821] INFO: Sleep: value=200
[250.555077] INFO: Purge: direction=1
[250.555380] INFO: RTS: value=0
[251.043588] INFO: Read: size=37, data=0519802001FF01FF00FCFFFC007DFD0101FF7D80131400001512011E00000009130C0909C8
[251.043735] Event: progress 80.08% (6560/8192)
[251.045153] INFO: Sleep: value=500
[251.557317] INFO: RTS: value=1
[251.557914] INFO: Write: size=5, data=0519A0209C
[251.558921] INFO: Sleep: value=200
[251.774081] INFO: Purge: direction=1
[251.774214] INFO: RTS: value=0
[252.271561] INFO: Read: size=37, data=0519A0200A2B070001FFFF010103050401020000FF000000FF00FFFF0001FF0000FF00FF44
[252.271698] Event: progress 80.47% (6592/8192)
[252.273060] INFO: Sleep: value=500
[252.775169] INFO: RTS: value=1
[252.775795] INFO: Write: size=5, data=0519C020FC
[252.776847] INFO: Sleep: value=200
[252.997436] INFO: Purge: direction=1
[252.997611] INFO: RTS: value=0
[253.483720] INFO: Read: size=37, data=0519C02001FFFF0000FF00FEFF01000200FEFE000000000001000101030001010000FE00FC
[253.483892] Event: progress 80.86% (6624/8192)
[253.485224] INFO: Sleep: value=500
[253.999009] INFO: RTS: value=1
[253.999402] INFO: Write: size=5, data=0519E020DC
[254.000422] INFO: Sleep: value=200
[254.215400] INFO: Purge: direction=1
[254.215549] INFO: RTS: value=0
[254.711800] INFO: Read: size=37, data=0519E020000000010000FF00FD0000FF0100000000FFFDFE00007D80131300000000011E3F
[254.711932] Event: progress 81.25% (6656/8192)
[254.713374] INFO: Sleep: value=500
[255.216758] INFO: RTS: value=1
[255.217386] INFO: Write: size=5, data=051A00203F
[255.218571] INFO: Sleep: value=200
[255.432952] INFO: Purge: direction=1
[255.433255] INFO: RTS: value=0
[255.923956] INFO: Read: size=37, data=051A0020000000000F0C0A070C05090A00FC00040101FDFE04020400FA0101FF02FFFC02C4
[255.924138] Event: progress 81.64% (6688/8192)
[255.925575] INFO: Sleep: value=500
[256.435085] INFO: RTS: value=1
[256.435744] INFO: Write: size=5, data=051A20201F
[256.437064] INFO: Sleep: value=200
[256.651041] INFO: Purge: direction=1
[256.651166] INFO: RTS: value=0
[257.152005] INFO: Read: size=37, data=051A202003FFFE00FF0200FFFFFF010105FEFEFD0200FDFF030100007A007D800E0E000062
[257.152124] Event: progress 82.03% (6720/8192)
[257.153723] INFO: Sleep: value=500
[257.668696] INFO: RTS: value=1
[257.669250] INFO: Write: size=5, data=051A40207F
[257.670535] INFO: Sleep: value=200
[257.884396] INFO: Purge: direction=1
[257.884521] INFO: RTS: value=0
[258.380114] INFO: Read: size=37, data=051A40201200021E00000021100C0A070C2F0C030D050500FE7AF6FBFE000002FE7DFE046C
[258.380236] Event: progress 82.42% (6752/8192)
[258.381686] INFO: Sleep: value=500
[258.887254] INFO: RTS: value=1
[258.887723] INFO: Write: size=5, data=051A60205F
[258.888776] INFO: Sleep: value=200
[259.109020] INFO: Purge: direction=1
[259.109194] INFO: RTS: value=0
[259.592264] INFO: Read: size=37, data=051A602000FCFDFBFF0201007D800E0E00000000011E000000000E0C0A150A200804020381
[259.592391] Event: progress 82.81% (6784/8192)
[259.593943] INFO: Sleep: value=500
[260.109969] INFO: RTS: value=1
[260.110571] INFO: Write: size=5, data=051A8020BF
[260.111719] INFO: Sleep: value=200
[260.326094] INFO: Purge: direction=1
[260.326216] INFO: RTS: value=0
[260.820241] INFO: Read: size=37, data=051A8020000204FF01FFFF00000200FE00FF0100000000FFFFFF00000201010001FFFB00BD
[260.820422] Event: progress 83.20% (6816/8192)
[260.821796] INFO: Sleep: value=500
[261.328160] INFO: RTS: value=1
[261.328697] INFO: Write: size=5, data=051AA0209F
[261.329676] INFO: Sleep: value=200
[261.544308] INFO: Purge: direction=1
[261.544460] INFO: RTS: value=0
[262.032497] INFO: Read: size=37, data=051AA020FFFFFE0000FF00FFFD000200FD007DFE02040000FFFD0002FF00007D800D0D00E4
[262.032654] Event: progress 83.59% (6848/8192)
[262.033911] INFO: Sleep: value=500
[262.546322] INFO: RTS: value=1
[262.546802] INFO: Write: size=5, data=051AC020FF
[262.548214] INFO: Sleep: value=200
[262.759729] INFO: Purge: direction=1
[262.759851] INFO: RTS: value=0
[263.260484] INFO: Read: size=37, data=051AC020000000011E000000000F0D041C0E2608040101FEFE00FFFFFF7DFE0000010001A2
[263.260615] Event: progress 83.98% (6880/8192)
[263.262134] INFO: Sleep: value=500
[263.766113] INFO: RTS: value=1
[263.766675] INFO: Write: size=5, data=051AE020DF
[263.768212] INFO: Sleep: value=200
[263.980768] INFO: Purge: direction=1
[263.980905] INFO: RTS: value=0
[264.472620] INFO: Read: size=37, data=051AE020010200FF01FE01010001FFFE0003FFFE000200FEFF007D800D0C00000000011E3E
[264.472805] Event: progress 84.38% (6912/8192)
[264.474104] INFO: Sleep: value=500
[264.981272] INFO: RTS: value=1
[264.981792] INFO: Write: size=5, data=051B00203E
[264.982929] INFO: Sleep: value=200
[265.196970] INFO: Purge: direction=1
[265.197116] INFO: RTS: value=0
[265.684850] INFO: Read: size=37, data=051B0020000000000F0D05130A1B0B020401000200FF020001007A7D80080800000000014F
[265.684986] Event: progress 84.77% (6944/8192)
[265.686666] INFO: Sleep: value=500
[266.199406] INFO: RTS: value=1
[266.199936] INFO: Write: size=5, data=051B20201E
[266.201086] INFO: Sleep: value=200
[266.415222] INFO: Purge: direction=1
[266.415484] INFO: RTS: value=0
[266.913003] INFO: Read: size=37, data=051B20201E00000000110D06020A330E0500FF00007D80110D00000900021E0000001D102C
[266.913215] Event: progress 85.16% (6976/8192)
[266.914650] INFO: Sleep: value=500
[267.417476] INFO: RTS: value=1
[267.418024] INFO: Write: size=5, data=051B40207E
[267.419334] INFO: Sleep: value=200
[267.633660] INFO: Purge: direction=1
[267.633799] INFO: RTS: value=0
[268.125156] INFO: Read: size=37, data=051B40200D06020B04110001FF7A7D800F0E00000A00031E0000001E100D06020B1011060D
[268.125277] Event: progress 85.55% (7008/8192)
[268.126689] INFO: Sleep: value=500
[268.635061] INFO: RTS: value=1
[268.635664] INFO: Write: size=5, data=051B60205E
[268.637988] INFO: Sleep: value=200
[268.857327] INFO: Purge: direction=1
[268.857513] INFO: RTS: value=0
[269.337328] INFO: Read: size=37, data=051B60200601FD00FF01FFFF7AFF7D81800D0800000A00041E00000029100D06020B217BD7
[269.337518] Event: progress 85.94% (7040/8192)
[269.338970] INFO: Sleep: value=500
[269.858982] INFO: RTS: value=1
[269.859627] INFO: Write: size=5, data=051B8020BE
[269.861024] INFO: Sleep: value=200
[270.074803] INFO: Purge: direction=1
[270.074935] INFO: RTS: value=0
[270.565414] INFO: Read: size=37, data=051B8020097A7D80101000000500051E0000001C110D06020B270E7A7D801111000000008F
[270.565558] Event: progress 86.33% (7072/8192)
[270.567644] INFO: Sleep: value=500
[271.076546] INFO: RTS: value=1
[271.077566] INFO: Write: size=5, data=051BA0209E
[271.080312] INFO: Sleep: value=200
[271.292469] INFO: Purge: direction=1
[271.292746] INFO: RTS: value=0
[271.793532] INFO: Read: size=37, data=051BA020011E00000000120D06100A2114057AFE7A7D80121000000000011E0000000013BF
[271.793639] Event: progress 86.72% (7104/8192)
[271.794928] INFO: Sleep: value=500
[272.310792] INFO: RTS: value=1
[272.311391] INFO: Write: size=5, data=051BC020FE
[272.312403] INFO: Sleep: value=200
[272.526671] INFO: Purge: direction=1
[272.526860] INFO: RTS: value=0
[273.021691] INFO: Read: size=37, data=051BC0200D06170A397A1100007A7D80131100000000011E00000000180D071214040A043E
[273.021874] Event: progress 87.11% (7136/8192)
[273.023358] INFO: Sleep: value=500
[273.528223] INFO: RTS: value=1
[273.528754] INFO: Write: size=5, data=051BE020DE
[273.529815] INFO: Sleep: value=200
[273.744330] INFO: Purge: direction=1
[273.744478] INFO: RTS: value=0
[274.233807] INFO: Read: size=37, data=051BE0200202FF00FF00FD00FFFE0100FF0100FFFE00000001FFFE0000000002000100FE21
[274.234020] Event: progress 87.50% (7168/8192)
[274.235417] INFO: Sleep: value=500
[274.745819] INFO: RTS: value=1
[274.746616] INFO: Write: size=5, data=051C002039
[274.749595] INFO: Sleep: value=200
[274.968318] INFO: Purge: direction=1
[274.968745] INFO: RTS: value=0
[275.461978] INFO: Read: size=37, data=051C0020007DFE7D007D0000007D000000007DFF7D017DFF010001007D000000007D0001BA
[275.462217] Event: progress 87.89% (7200/8192)
[275.465010] INFO: Sleep: value=500
[275.970764] INFO: RTS: value=1
[275.971360] INFO: Write: size=5, data=051C202019
[275.973378] INFO: Sleep: value=200
[276.186938] INFO: Purge: direction=1
[276.187066] INFO: RTS: value=0
[276.674028] INFO: Read: size=37, data=051C20207DFF03020000FE007DFC03000100FF03FF7DFB7D01007D8016160000373F011EF4
[276.674260] Event: progress 88.28% (7232/8192)
[276.676986] INFO: Sleep: value=500
[277.189256] INFO: RTS: value=1
[277.190067] INFO: Write: size=5, data=051C402079
[277.192527] INFO: Sleep: value=200
[277.402134] INFO: Purge: direction=1
[277.402383] INFO: RTS: value=0
[277.902127] INFO: Read: size=37, data=051C402000000005180D07150C2E0B040202FF0000FF000001FF0000000100FFFF000000A9
[277.902329] Event: progress 88.67% (7264/8192)
[277.905568] INFO: Sleep: value=500
[278.407437] INFO: RTS: value=1
[278.407945] INFO: Write: size=5, data=051C602059
[278.409058] INFO: Sleep: value=200
[278.623333] INFO: Purge: direction=1
[278.623756] INFO: RTS: value=0
[279.114249] INFO: Read: size=37, data=051C6020FE010001000100FD000001FFFF00FCFFFF0102FFFF01010003FCFE7D00027DFC5A
[279.114444] Event: progress 89.06% (7296/8192)
[279.115907] INFO: Sleep: value=500
[279.624836] INFO: RTS: value=1
[279.625573] INFO: Write: size=5, data=051C8020B9
[279.626464] INFO: Sleep: value=200
[279.840646] INFO: Purge: direction=1
[279.840960] INFO: RTS: value=0
[280.342416] INFO: Read: size=37, data=051C8020017DFE0301FF7DFE01027DFC0502FFFFFE7D80161600002D2C011E0000000919CD
[280.342659] Event: progress 89.45% (7328/8192)
[280.344631] INFO: Sleep: value=500
[280.858807] INFO: RTS: value=1
[280.859285] INFO: Write: size=5, data=051CA02099
[280.860385] INFO: Sleep: value=200
[281.081066] INFO: Purge: direction=1
[281.081262] INFO: RTS: value=0
[281.570511] INFO: Read: size=37, data=051CA0200D07170A060E0201FE0301FEFFFE0000020100FEFEFFFFFE0200FFFF0101010179
[281.570888] Event: progress 89.84% (7360/8192)
[281.574048] INFO: Sleep: value=500
[282.083883] INFO: RTS: value=1
[282.085118] INFO: Write: size=5, data=051CC020F9
[282.087872] INFO: Sleep: value=200
[282.299740] INFO: Purge: direction=1
[282.300034] INFO: RTS: value=0
[282.798444] INFO: Read: size=37, data=051CC02001FFFEFDFE00FF010200000001FF00FFFF020300FD7D80161800000900021E00E2
[282.798603] Event: progress 90.23% (7392/8192)
[282.800013] INFO: Sleep: value=500
[283.301752] INFO: RTS: value=1
[283.302394] INFO: Write: size=5, data=051CE020D9
[283.303624] INFO: Sleep: value=200
[283.517944] INFO: Purge: direction=1
[283.518102] INFO: RTS: value=0
[284.010693] INFO: Read: size=37, data=051CE020000026180D07170A2B7B057D80181800000A00031E00000027180D07170A367B2A
[284.011022] Event: progress 90.63% (7424/8192)
[284.013572] INFO: Sleep: value=500
[284.519854] INFO: RTS: value=1
[284.520563] INFO: Write: size=5, data=051D002038
[284.521488] INFO: Sleep: value=200
[284.724934] INFO: Purge: direction=1
[284.725251] INFO: RTS: value=0
[285.222976] INFO: Read: size=37, data=051D0020067DFF7D80181700000000011E00000000160D081D141C08060203007DF80100DC
[285.223180] Event: progress 91.02% (7456/8192)
[285.224620] INFO: Sleep: value=500
[285.738075] INFO: RTS: value=1
[285.738628] INFO: Write: size=5, data=051D202018
[285.740410] INFO: Sleep: value=200
[285.953123] INFO: Purge: direction=1
[285.953264] INFO: RTS: value=0
[286.450963] INFO: Read: size=37, data=051D202001000002007A7DF90100FF00000000FF7D80151500000500021E0000001C150D04
[286.451210] Event: progress 91.41% (7488/8192)
[286.452561] INFO: Sleep: value=500
[286.954086] INFO: RTS: value=1
[286.955056] INFO: Write: size=5, data=051D402078
[286.957629] INFO: Sleep: value=200
[287.170012] INFO: Purge: direction=1
[287.170442] INFO: RTS: value=0
[287.663229] INFO: Read: size=37, data=051D4020081D14300502007D80151500000000011E00000000140D0906151A07FF0001004C
[287.663516] Event: progress 91.80% (7520/8192)
[287.665533] INFO: Sleep: value=500
[288.171279] INFO: RTS: value=1
[288.172707] INFO: Write: size=5, data=051D602058
[288.177265] INFO: Sleep: value=200
[288.393404] INFO: Purge: direction=1
[288.394066] INFO: RTS: value=0
[288.875430] INFO: Read: size=37, data=051D60207D00FF00FF007D01007DFF0201000001000100FFFF01FF01FF01000101010000D8
[288.875841] Event: progress 92.19% (7552/8192)
[288.879178] INFO: Sleep: value=500
[289.395060] INFO: RTS: value=1
[289.396405] INFO: Write: size=5, data=051D8020B8
[289.399243] INFO: Sleep: value=200
[289.610864] INFO: Purge: direction=1
[289.611323] INFO: RTS: value=0
[290.103544] INFO: Read: size=37, data=051D802000010100000000FFFF0100FF00FF000000000000FFFF00FEFF01010001020101BB
[290.103779] Event: progress 92.58% (7584/8192)
[290.108611] INFO: Sleep: value=500
[290.613060] INFO: RTS: value=1
[290.614050] INFO: Write: size=5, data=051DA02098
[290.616560] INFO: Sleep: value=200
[290.828623] INFO: Purge: direction=1
[290.829119] INFO: RTS: value=0
[291.315755] INFO: Read: size=37, data=051DA02000FFFE00000002020100FFFF000003FFFF000003017AFF7DF40100FF7D80141597
[291.316231] Event: progress 92.97% (7616/8192)
[291.319463] INFO: Sleep: value=500
[291.830728] INFO: RTS: value=1
[291.831677] INFO: Write: size=5, data=051DC020F8
[291.834665] INFO: Sleep: value=200
[292.047159] INFO: Purge: direction=1
[292.047654] INFO: RTS: value=0
[292.543870] INFO: Read: size=37, data=051DC02000001A0D011E00000006140D09070B2A13010103030002FF010201FF00FDFE00D0
[292.544344] Event: progress 93.36% (7648/8192)
[292.547899] INFO: Sleep: value=500
[293.063738] INFO: RTS: value=1
[293.064751] INFO: Write: size=5, data=051DE020D8
[293.071451] INFO: Sleep: value=200
[293.279989] INFO: Purge: direction=1
[293.280413] INFO: RTS: value=0
[293.771893] INFO: Read: size=37, data=051DE02002FFFF01FE00FFFF0100FF02010201FF010000FFFFFFFEFEFD00FF0000000000D8
[293.772317] Event: progress 93.75% (7680/8192)
[293.775515] INFO: Sleep: value=500
[294.280693] INFO: RTS: value=1
[294.281848] INFO: Write: size=5, data=051E00203B
[294.287750] INFO: Sleep: value=200
[294.503229] INFO: Purge: direction=1
[294.504000] INFO: RTS: value=0
[294.984108] INFO: Read: size=37, data=051E0020FF00FE00FF0000FE01FEFF7DFDFFFF010300FF01027D80131300002103021E0086
[294.984524] Event: progress 94.14% (7712/8192)
[294.988500] INFO: Sleep: value=500
[295.505282] INFO: RTS: value=1
[295.506515] INFO: Write: size=5, data=051E20201B
[295.509357] INFO: Sleep: value=200
[295.721529] INFO: Purge: direction=1
[295.721876] INFO: RTS: value=0
[296.212247] INFO: Read: size=37, data=051E2020000008140D09070F330800010100000001FF0000FF0000000100FE0001000000CF
[296.212630] Event: progress 94.53% (7744/8192)
[296.215795] INFO: Sleep: value=500
[296.723004] INFO: RTS: value=1
[296.723928] INFO: Write: size=5, data=051E40207B
[296.726695] INFO: Sleep: value=200
[296.938854] INFO: Purge: direction=1
[296.939444] INFO: RTS: value=0
[297.440331] INFO: Read: size=37, data=051E402000FF0100000000020100FF7DFD0200FE0100FF0000FE7D80141400000114011EF2
[297.440648] Event: progress 94.92% (7776/8192)
[297.443631] INFO: Sleep: value=500
[297.957323] INFO: RTS: value=1
[297.958183] INFO: Write: size=5, data=051E60205B
[297.961328] INFO: Sleep: value=200
[298.173109] INFO: Purge: direction=1
[298.173388] INFO: RTS: value=0
[298.668465] INFO: Read: size=37, data=051E60200000000D130D09080C100A0203FFFDFF03FFFFFF00010100FFFE00020301FFFF5E
[298.668868] Event: progress 95.31% (7808/8192)
[298.672048] INFO: Sleep: value=500
[299.175706] INFO: RTS: value=1
[299.176731] INFO: Write: size=5, data=051E8020BB
[299.179718] INFO: Sleep: value=200
[299.391898] INFO: Purge: direction=1
[299.392185] INFO: RTS: value=0
[299.880595] INFO: Read: size=37, data=051E8020FEFDFFFF7DFF0300FF0002020000020200FFFE00FF010200FF7D80131300000039
[299.880872] Event: progress 95.70% (7840/8192)
[299.883909] INFO: Sleep: value=500
[300.394632] INFO: RTS: value=1
[300.395442] INFO: Write: size=5, data=051EA0209B
[300.396896] INFO: Sleep: value=200
[300.617443] INFO: Purge: direction=1
[300.617785] INFO: RTS: value=0
[301.108603] INFO: Read: size=37, data=051EA02000011E00000000100D0A060C070E08027A7DEF097DF90F7A017DEE7D800F0F00E5
[301.108885] Event: progress 96.09% (7872/8192)
[301.111081] INFO: Sleep: value=500
[301.620275] INFO: RTS: value=1
[301.621286] INFO: Write: size=5, data=051EC020FB
[301.624003] INFO: Sleep: value=200
[301.835721] INFO: Purge: direction=1
[301.836087] INFO: RTS: value=0
[302.336803] INFO: Read: size=37, data=051EC020000000011E000000000E0D0A140A220804020102FF020401FFFF00010101FFFE24
[302.337198] Event: progress 96.48% (7904/8192)
[302.340286] INFO: Sleep: value=500
[302.852788] INFO: RTS: value=1
[302.853553] INFO: Write: size=5, data=051EE020DB
[302.856125] INFO: Sleep: value=200
[303.069000] INFO: Purge: direction=1
[303.069618] INFO: RTS: value=0
[303.565056] INFO: Read: size=37, data=051EE0200100FFFFFF0001FFFEFFFFFFFFFFFF0200000100FFFFFEFF7DFF04020200FFFEA0
[303.565529] Event: progress 96.88% (7936/8192)
[303.568822] INFO: Sleep: value=500
[304.076107] INFO: RTS: value=1
[304.077297] INFO: Write: size=5, data=051F00203A
[304.081509] INFO: Sleep: value=200
[304.287320] INFO: Purge: direction=1
[304.287724] INFO: RTS: value=0
[304.792974] INFO: Read: size=37, data=051F0020000001FF010000010000010400FF0303FFFCFEFFFDFC7D800D0D00000000011EDF
[304.793411] Event: progress 97.27% (7968/8192)
[304.796825] INFO: Sleep: value=500
[305.305390] INFO: RTS: value=1
[305.306158] INFO: Write: size=5, data=051F20201A
[305.309887] INFO: Sleep: value=200
[305.528203] INFO: Purge: direction=1
[305.528517] INFO: RTS: value=0
[306.021136] INFO: Read: size=37, data=051F2020000000000C0D0A1F15080A04010202FF0000000100FEFF00FF00000101FF0000E3
[306.021508] Event: progress 97.66% (8000/8192)
[306.024634] INFO: Sleep: value=500
[306.530541] INFO: RTS: value=1
[306.531750] INFO: Write: size=5, data=051F40207A
[306.536162] INFO: Sleep: value=200
[306.741309] INFO: Purge: direction=1
[306.741616] INFO: RTS: value=0
[307.233178] INFO: Read: size=37, data=051F4020FCFD070403FEFCFFFF00FD00000201FFFBFE7D800C0C00000000011E000000009F
[307.233459] Event: progress 98.05% (8032/8192)
[307.236685] INFO: Sleep: value=500
[307.748724] INFO: RTS: value=1
[307.749549] INFO: Write: size=5, data=051F60205A
[307.752272] INFO: Sleep: value=200
[307.964911] INFO: Purge: direction=1
[307.965264] INFO: RTS: value=0
[308.461376] INFO: Read: size=37, data=051F6020110E05040E090801010103010400FCFE00FE01000100FF00FFFEFF007DFC7D034E
[308.461805] Event: progress 98.44% (8064/8192)
[308.464769] INFO: Sleep: value=500
[308.967159] INFO: RTS: value=1
[308.967824] INFO: Write: size=5, data=051F8020BA
[308.969728] INFO: Sleep: value=200
[309.182996] INFO: Purge: direction=1
[309.183327] INFO: RTS: value=0
[309.673566] INFO: Read: size=37, data=051F80200001000000020000000000FD7DFD040202FFFFFE00000000FF01FFFF0101FE003E
[309.673907] Event: progress 98.83% (8096/8192)
[309.677459] INFO: Sleep: value=500
[310.184875] INFO: RTS: value=1
[310.185875] INFO: Write: size=5, data=051FA0209A
[310.188462] INFO: Sleep: value=200
[310.400757] INFO: Purge: direction=1
[310.401225] INFO: RTS: value=0
[310.901625] INFO: Read: size=37, data=051FA0207DFE0100017DFF7D800F1000000000011E000000000E0E050B0A210A040300014F
[310.901854] Event: progress 99.22% (8128/8192)
[310.904133] INFO: Sleep: value=500
[311.418461] INFO: RTS: value=1
[311.419330] INFO: Write: size=5, data=051FC020FA
[311.420972] INFO: Sleep: value=200
[311.640663] INFO: Purge: direction=1
[311.641072] INFO: RTS: value=0
[312.129800] INFO: Read: size=37, data=051FC020FFFE000001000000FF0000FFFEFF000000FF0000000000FFFE7DFD02030201FE79
[312.130156] Event: progress 99.61% (8160/8192)
[312.133133] INFO: Sleep: value=500
[312.642249] INFO: RTS: value=1
[312.643043] INFO: Write: size=5, data=051FE020DA
[312.644836] INFO: Sleep: value=200
[312.857655] INFO: Purge: direction=1
[312.857890] INFO: RTS: value=0
[313.357893] INFO: Read: size=37, data=051FE020000000FF7DFDFF7D800E0D00001000021E000000200D0E050B0B0D057D00007D86
[313.358188] Event: progress 100.00% (8192/8192)
